_______________________________ 
Script started at 21/12/2025 11:28:18.34 
_______________________________ 
Virtual environment activated. 
_______________________________ 
[37m2025-12-21 11:29:41 [INFO] Loaded 563 car links from CSV.[0m
[32m2025-12-21 11:29:41 [INFO] Loaded 11229 existing sold car records.[0m
[36m2025-12-21 11:29:41 [INFO] Loaded 9354 existing referred car records.[0m
[37m2025-12-21 11:29:41 [INFO] Loaded 29718 existing scraped links.[0m
Loaded 453 existing links from CSV.
Scraping page 1...
Waiting 3.49 seconds before next page...
Scraping page 2...
Waiting 3.83 seconds before next page...
Scraping page 3...
Waiting 3.34 seconds before next page...
Scraping page 4...
Waiting 5.87 seconds before next page...
Scraping page 5...
Waiting 5.06 seconds before next page...
Scraping page 6...
Waiting 3.60 seconds before next page...
Scraping page 7...
No more links found. Stopping at page 7.
Found 0 new car links.
No new links to add to the CSV.
Processing car links:   0%|          | 0/563 [00:00<?, ?link/s]