2025-04-27 20:23:45,355 [INFO] Loaded 445 car links from CSV.
2025-04-27 20:23:45,455 [INFO] Loaded 3724 existing sold car records.
2025-04-27 20:23:45,532 [INFO] Loaded 1605 existing referred car records.
2025-04-27 20:23:45,603 [INFO] Loaded 5370 existing scraped links.
2025-04-27 20:24:19,272 [INFO] Still auctioning: https://www.grays.com/lot/0001-10348381/motor-vehicles-motor-cycles/2013-ford-fiesta-ambiente-wz-automatic-hatchback-wovr-inspected
2025-04-27 20:24:19,272 [INFO] Still auctioning: https://www.grays.com/lot/0001-60047726/motor-vehicles-motor-cycles/2013-ford-kuga-awd-titanium-tf-turbo-diesel-automatic-wagon
2025-04-27 20:24:19,273 [INFO] Still auctioning: https://www.grays.com/lot/0001-9059023/motor-vehicles-motor-cycles/2012-kymco-2t-super-8-motorcycle
2025-04-27 20:24:19,274 [INFO] Still auctioning: https://www.grays.com/lot/0001-50711761/motor-vehicles-motor-cycles/2011-mercedes-benz-c250-be-c204-automatic-coupe
2025-04-27 20:24:19,275 [INFO] Still auctioning: https://www.grays.com/lot/0001-21047746/motor-vehicles-motor-cycles/volkswagen-passat-140tsi-business-b8-automatic-sedan
2025-04-27 20:24:19,276 [INFO] Auction sold: https://www.grays.com/lot/0001-21047710/motor-vehicles-motor-cycles/2015-peugeot-308-allure-premium-turbo-diesel-automatic-hatchback for $4500.0
2025-04-27 20:24:19,292 [INFO] Added new sold vehicle to sold_cars_df.
2025-04-27 20:24:19,296 [INFO] Still auctioning: https://www.grays.com/lot/0001-21047869/motor-vehicles-motor-cycles/2009-holden-cruze-cdx-jg-automatic-sedan
2025-04-27 20:24:19,297 [INFO] Still auctioning: https://www.grays.com/lot/0001-21047597/motor-vehicles-motor-cycles/2012-mercedes-benz-ml250-bluetec-w166-turbo-diesel-automatic-wagon
2025-04-27 20:24:39,459 [INFO] Still auctioning: https://www.grays.com/lot/0001-21047873/motor-vehicles-motor-cycles/2012-ford-territory-ts-4x4-sz-turbo-diesel-automatic-7-seats-wagon
2025-04-27 20:24:39,459 [INFO] Still auctioning: https://www.grays.com/lot/0001-21047874/motor-vehicles-motor-cycles/2021-renault-koleos-intens-4x2-s-edition-xzg-cvt-wagon
2025-04-27 20:24:39,459 [INFO] Still auctioning: https://www.grays.com/lot/0001-10348388/motor-vehicles-motor-cycles/2016-ford-ranger-xl-3-2-4x4-px-ii-turbo-diesel-automatic-cab-chassis
2025-04-27 20:24:39,460 [INFO] Still auctioning: https://www.grays.com/lot/0001-50514980/motor-vehicles-motor-cycles/2004-mazda-6-luxury-gg-automatic-sedan
2025-04-27 20:24:39,460 [INFO] Still auctioning: https://www.grays.com/lot/0001-50514935/motor-vehicles-motor-cycles/2016-honda-cr-v-4wd-vti-l-rm-ii-automatic-wagon
2025-04-27 20:24:39,460 [INFO] Auction sold: https://www.grays.com/lot/0001-21047722/motor-vehicles-motor-cycles/2013-ford-mondeo-zetec-mc-automatic-hatchback for $3609.0
2025-04-27 20:24:39,471 [INFO] Added new sold vehicle to sold_cars_df.
2025-04-27 20:24:39,472 [INFO] Still auctioning: https://www.grays.com/lot/0001-21047871/motor-vehicles-motor-cycles/2007-subaru-liberty-2-5i-b4-automatic-wagon
2025-04-27 20:24:39,473 [INFO] Still auctioning: https://www.grays.com/lot/0001-60047723/motor-vehicles-motor-cycles/2013-mazda-6-sport-gj-automatic-wagon
2025-04-27 20:25:00,286 [INFO] Auction referred (no sale): https://www.grays.com/lot/0001-10348359/motor-vehicles-motor-cycles/2008-mini-cooper-cabrio-cvt-convertible
2025-04-27 20:25:00,297 [INFO] Added new referred vehicle to referred_df.
2025-04-27 20:25:00,298 [INFO] Auction referred (no sale): https://www.grays.com/lot/0001-10910930/motor-vehicles-motor-cycles/2011-volkswagen-amarok-tdi-400-trendline-4x4-2h-t-diesel-manual-dual-cab
2025-04-27 20:25:00,311 [INFO] Added new referred vehicle to referred_df.
2025-04-27 20:25:00,313 [INFO] Still auctioning: https://www.grays.com/lot/0001-21047768/motor-vehicles-motor-cycles/2013-jeep-grand-cherokee-overland-4x4-wk-automatic-8-speed-wagon
2025-04-27 20:25:00,314 [INFO] Still auctioning: https://www.grays.com/lot/0001-10348383/motor-vehicles-motor-cycles/2016-toyota-rav-4-fwd-gx-zsa42r-cvt-wagon-pinkslip-issued-14-3-25
2025-04-27 20:25:00,314 [INFO] Still auctioning: https://www.grays.com/lot/0001-21047877/motor-vehicles-motor-cycles/2014-holden-commodore-evoke-vf-automatic-sedan
2025-04-27 20:25:00,314 [INFO] Still auctioning: https://www.grays.com/lot/0001-50514939/motor-vehicles-motor-cycles/volkswagen-amarok-tdi400-highline-4x4-2h-turbo-diesel-manual-dual-cab
2025-04-27 20:25:00,315 [INFO] Still auctioning: https://www.grays.com/lot/0001-10348431/motor-vehicles-motor-cycles/2011-comp-volkswagen-caddy-tdi250-turbo-diesel-automatic-van
2025-04-27 20:25:00,315 [INFO] Still auctioning: https://www.grays.com/lot/0001-21047828/motor-vehicles-motor-cycles/2005-mercedes-benz-cls-class-cls-500-c219-auto-coupe
2025-04-27 20:25:18,394 [INFO] Auction referred (no sale): https://www.grays.com/lot/0001-10910929/motor-vehicles-motor-cycles/2004-suzuki-grand-vitara-sports-4x4-automatic-wagon
2025-04-27 20:25:18,401 [INFO] Added new referred vehicle to referred_df.
2025-04-27 20:25:18,402 [INFO] Auction sold: https://www.grays.com/lot/0001-21047718/motor-vehicles-motor-cycles/2007-ford-territory-tx-rwd-sy-automatic-wagon for $1409.0
2025-04-27 20:25:18,415 [INFO] Added new sold vehicle to sold_cars_df.
2025-04-27 20:25:18,416 [INFO] Still auctioning: https://www.grays.com/lot/0001-21047744/motor-vehicles-motor-cycles/2015-ford-territory-tx-rwd-sz-ii-turbo-diesel-automatic-wagon
2025-04-27 20:25:18,416 [INFO] Still auctioning: https://www.grays.com/lot/0001-50514947/motor-vehicles-motor-cycles/2013-nissan-pathfinder-st-4x4-r52-cvt-7-seats-wagon
2025-04-27 20:25:18,416 [INFO] Still auctioning: https://www.grays.com/lot/0001-9059065/motor-vehicles-motor-cycles/2015-volkswagen-amarok-tdi420-highline-2h-t-d-auto-8-speed-dual-cab
2025-04-27 20:25:18,416 [INFO] Auction referred (no sale): https://www.grays.com/lot/0001-10910940/motor-vehicles-motor-cycles/2019-citroen-c5-aircross-shine-automatic-wagon
2025-04-27 20:25:18,423 [INFO] Added new referred vehicle to referred_df.
2025-04-27 20:25:18,424 [INFO] Still auctioning: https://www.grays.com/lot/0001-9058995/motor-vehicles-motor-cycles/2009-audi-q7-3-0-tdi-quattro-turbo-diesel-automatic-7-seats-wagon
2025-04-27 20:25:18,424 [INFO] Still auctioning: https://www.grays.com/lot/0001-21047868/motor-vehicles-motor-cycles/2011-jeep-grand-cherokee-limited-70th-anniv-wk-turbo-diesel-automatic-wagon
2025-04-27 20:25:38,713 [INFO] Still auctioning: https://www.grays.com/lot/0001-9059057/motor-vehicles-motor-cycles/2007-mercedes-benz-ml350-350-4x4-w164-automatic-wagon
2025-04-27 20:25:38,713 [INFO] Still auctioning: https://www.grays.com/lot/0001-10910978/motor-vehicles-motor-cycles/2010-suzuki-grand-vitara-prestige-4x4-jt-automatic-wagon
2025-04-27 20:25:38,714 [INFO] Still auctioning: https://www.grays.com/lot/0001-9059010/motor-vehicles-motor-cycles/2015-jeep-grand-cherokee-laredo-4x4-wk-t-d-auto-8-speed-wagon
2025-04-27 20:25:38,714 [INFO] Still auctioning: https://www.grays.com/lot/0001-9059002/motor-vehicles-motor-cycles/2010-mercedes-benz-c220-cdi-classic-w204-turbo-diesel-automatic-sedan
2025-04-27 20:25:38,714 [INFO] Still auctioning: https://www.grays.com/lot/0001-50514978/motor-vehicles-motor-cycles/2013-holden-cruze-cd-jh-turbo-diesel-automatic-sedan
2025-04-27 20:25:38,714 [INFO] Auction referred (no sale): https://www.grays.com/lot/0001-10910950/motor-vehicles-motor-cycles/2007-nissan-navara-st-x-4x4-d40-turbo-diesel-automatic-dual-cab
2025-04-27 20:25:38,723 [INFO] Added new referred vehicle to referred_df.
2025-04-27 20:25:38,726 [INFO] Still auctioning: https://www.grays.com/lot/0001-9059000/motor-vehicles-motor-cycles/2008-holden-epica-cdx-ep-automatic-sedan
2025-04-27 20:25:38,726 [INFO] Auction sold: https://www.grays.com/lot/0001-21047716/motor-vehicles-motor-cycles/2004-toyota-camry-altise-acv36r-automatic-sedan for $2100.0
2025-04-27 20:25:38,733 [INFO] Added new sold vehicle to sold_cars_df.
2025-04-27 20:25:57,423 [INFO] Still auctioning: https://www.grays.com/lot/0001-21047583/motor-vehicles-motor-cycles/2018-holden-commodore-liftback-calais-v-zb-9-auto-hatchback
2025-04-27 20:25:57,423 [INFO] Still auctioning: https://www.grays.com/lot/0001-60047732/motor-vehicles-motor-cycles/2008-brp-can-am-spyder-gs-motorcycle-wovr-repairable
2025-04-27 20:25:57,423 [INFO] Still auctioning: https://www.grays.com/lot/0001-50514945/motor-vehicles-motor-cycles/2014-nissan-navara-4x4-st-d40-turbo-diesel-manual-dual-cab
2025-04-27 20:25:57,424 [INFO] Still auctioning: https://www.grays.com/lot/0001-21047582/motor-vehicles-motor-cycles/2018-holden-trailblazer-lt-rg-turbo-diesel-automatic-7-seats-wagon
2025-04-27 20:25:57,424 [INFO] Still auctioning: https://www.grays.com/lot/0001-21047818/motor-vehicles-motor-cycles/2015-volkswagen-golf-103tsi-highline-a7-automatic-hatchback
2025-04-27 20:25:57,424 [INFO] Still auctioning: https://www.grays.com/lot/0001-9059024/motor-vehicles-motor-cycles/2007-mazda-3-sp23-bk-automatic-sedan
2025-04-27 20:25:57,425 [INFO] Still auctioning: https://www.grays.com/lot/0001-50711744/motor-vehicles-motor-cycles/2013-toyota-hilux-4wd-manual-5-speed-dual-cab-ute
2025-04-27 20:25:57,425 [INFO] Still auctioning: https://www.grays.com/lot/0001-50711714/motor-vehicles-motor-cycles/2021-skywell-ecii-e-cargo-rwd-automatic-van
2025-04-27 20:26:14,704 [INFO] Still auctioning: https://www.grays.com/lot/0001-21047492/motor-vehicles-motor-cycles/2010-volkswagen-golf-90tsi-trendline-a6-automatic-hatchback
2025-04-27 20:26:14,704 [INFO] Auction sold: https://www.grays.com/lot/0001-21047776/motor-vehicles-motor-cycles/2008-ford-falcon-xr6-fg-automatic-sedan for $4900.0
2025-04-27 20:26:14,711 [INFO] Added new sold vehicle to sold_cars_df.
2025-04-27 20:26:14,712 [INFO] Still auctioning: https://www.grays.com/lot/0001-10910977/motor-vehicles-motor-cycles/2013-kia-sportage-si-fwd-sl-ii-manual-wagon
2025-04-27 20:26:14,712 [INFO] Still auctioning: https://www.grays.com/lot/0001-9059014/motor-vehicles-motor-cycles/2011-jeep-grand-cherokee-limited-4x4-wk-automatic-wagon
2025-04-27 20:26:14,712 [INFO] Still auctioning: https://www.grays.com/lot/0001-21047590/motor-vehicles-motor-cycles/2012-ford-focus-titanium-lw-ii-turbo-diesel-automatic-hatchback
2025-04-27 20:26:14,713 [INFO] Still auctioning: https://www.grays.com/lot/0001-21047592/motor-vehicles-motor-cycles/audi-a4-1-8-tfsi-b8-automatic-sedan
2025-04-27 20:26:14,713 [INFO] Still auctioning: https://www.grays.com/lot/0001-21047751/motor-vehicles-motor-cycles/2011-bmw-6-series-640i-f12-automatic-8-speed-convertible
2025-04-27 20:26:14,713 [INFO] Still auctioning: https://www.grays.com/lot/0001-9058977/motor-vehicles-motor-cycles/2011-ford-focus-manual-hatchback
2025-04-27 20:26:30,994 [INFO] Auction sold: https://www.grays.com/lot/0001-21047721/motor-vehicles-motor-cycles/2012-toyota-camry-altise-asv50r-automatic-sedan for $5400.0
2025-04-27 20:26:31,006 [INFO] Added new sold vehicle to sold_cars_df.
2025-04-27 20:26:31,007 [INFO] Still auctioning: https://www.grays.com/lot/0001-50514979/motor-vehicles-motor-cycles/2011-holden-calais-v-ve-automatic-sedan
2025-04-27 20:26:31,008 [INFO] Still auctioning: https://www.grays.com/lot/0001-9058979/motor-vehicles-motor-cycles/2010-mitsubishi-challenger-xls-5-seat-4x4-pb-t-d-auto-wagon
2025-04-27 20:26:31,008 [INFO] Still auctioning: https://www.grays.com/lot/0001-21047839/motor-vehicles-motor-cycles/2014-iveco-daily-manual-truck
2025-04-27 20:26:31,009 [INFO] Still auctioning: https://www.grays.com/lot/0001-21047833/motor-vehicles-motor-cycles/2006-nissan-navara-st-r-4x4-d22-turbo-diesel-manual-dual-cab
2025-04-27 20:26:31,010 [INFO] Still auctioning: https://www.grays.com/lot/0001-50514928/motor-vehicles-motor-cycles/2013-ford-ranger-xl-4x2-hi-rider-px-turbo-diesel-automatic-dual-cab
2025-04-27 20:26:31,010 [INFO] Still auctioning: https://www.grays.com/lot/0001-50514970/motor-vehicles-motor-cycles/2014-kia-rio-s-ub-automatic-hatchback
2025-04-27 20:26:31,010 [INFO] Still auctioning: https://www.grays.com/lot/0001-50514988/motor-vehicles-motor-cycles/2013-volkswagen-golf-90tsi-a7-automatic-hatchback
2025-04-27 20:26:53,171 [INFO] Auction sold: https://www.grays.com/lot/0001-10910958/motor-vehicles-motor-cycles/2007-hyundai-santa-fe-slx-crdi-4x4-cm-turbo-diesel-automatic-7-seat-wagon for $2709.0
2025-04-27 20:26:53,180 [INFO] Added new sold vehicle to sold_cars_df.
2025-04-27 20:26:53,182 [INFO] Still auctioning: https://www.grays.com/lot/0001-21047748/motor-vehicles-motor-cycles/2017-renault-trafic-swb-l1h1-dci-90-turbo-diesel-manual-van
2025-04-27 20:26:53,182 [INFO] Still auctioning: https://www.grays.com/lot/0001-21047745/motor-vehicles-motor-cycles/2015-holden-trax-ls-tj-automatic-wagon
2025-04-27 20:26:53,182 [INFO] Still auctioning: https://www.grays.com/lot/0001-21047883/motor-vehicles-motor-cycles/2010-hyundai-i30-slx-fd-automatic-hatchback
2025-04-27 20:26:53,183 [INFO] Still auctioning: https://www.grays.com/lot/0001-9059003/motor-vehicles-motor-cycles/2013-jeep-grand-cherokee-laredo-4x4-wk-turbo-diesel-auto-8-speed-wagon
2025-04-27 20:26:53,183 [INFO] Still auctioning: https://www.grays.com/lot/0001-9059086/motor-vehicles-motor-cycles/2012-subaru-tribeca-3-6r-premium-b9-automatic-wagon
2025-04-27 20:26:53,183 [INFO] Still auctioning: https://www.grays.com/lot/0001-9059090/motor-vehicles-motor-cycles/2017-holden-colorado-4x4-lx-rg-turbo-diesel-automatic-crew-cab-chassis
2025-04-27 20:26:53,184 [INFO] Still auctioning: https://www.grays.com/lot/0001-9059011/motor-vehicles-motor-cycles/2017-mini-cooper-countryman-f60-automatic-wagon
2025-04-27 20:27:10,461 [INFO] Still auctioning: https://www.grays.com/lot/0001-21047698/motor-vehicles-motor-cycles/2008-hyundai-i30-sx-1-6-crdi-fd-turbo-diesel-automatic-hatchback
2025-04-27 20:27:10,461 [INFO] Still auctioning: https://www.grays.com/lot/0001-60047727/motor-vehicles-motor-cycles/2015-mitsubishi-asx-xls-4wd-xb-turbo-diesel-automatic-wagon
2025-04-27 20:27:10,461 [INFO] Auction referred (no sale): https://www.grays.com/lot/0001-10910955/motor-vehicles-motor-cycles/2015-hyundai-iload-crew-tq-turbo-diesel-manual-van
2025-04-27 20:27:10,473 [INFO] Added new referred vehicle to referred_df.
2025-04-27 20:27:10,475 [INFO] Still auctioning: https://www.grays.com/lot/0001-60047728/motor-vehicles-motor-cycles/1990-toyota-lexcen-manual-wagon
2025-04-27 20:27:10,476 [INFO] Still auctioning: https://www.grays.com/lot/0001-9059054/motor-vehicles-motor-cycles/1998-nissan-patrol-st-4x4-gu-automatic-wagon
2025-04-27 20:27:10,476 [INFO] Still auctioning: https://www.grays.com/lot/0001-21047669/motor-vehicles-motor-cycles/2005-holden-astra-classic-ts-automatic-hatchback
2025-04-27 20:27:10,476 [INFO] Still auctioning: https://www.grays.com/lot/0001-21047835/motor-vehicles-motor-cycles/2008-toyota-hilux-sr-ggn15r-automatic-dual-cab
2025-04-27 20:27:10,476 [INFO] Still auctioning: https://www.grays.com/lot/0001-21047891/motor-vehicles-motor-cycles/2008-honda-accord-euro-luxury-8th-gen-automatic-sedan
2025-04-27 20:27:30,713 [INFO] Auction referred (no sale): https://www.grays.com/lot/0001-10910927/motor-vehicles-motor-cycles/2007-mitsubishi-outlander-vr-x-zg-automatic-wagon
2025-04-27 20:27:30,728 [INFO] Added new referred vehicle to referred_df.
2025-04-27 20:27:30,730 [INFO] Still auctioning: https://www.grays.com/lot/0001-9059092/motor-vehicles-motor-cycles/2006-mazda-3-maxx-sport-bk-automatic-sedan-wovr-inspected
2025-04-27 20:27:30,730 [INFO] Still auctioning: https://www.grays.com/lot/0001-9059006/motor-vehicles-motor-cycles/2012-toyota-camry-altise-asv50r-automatic-sedan
2025-04-27 20:27:30,730 [INFO] Still auctioning: https://www.grays.com/lot/0001-21047799/motor-vehicles-motor-cycles/2006-volkswagen-golf-gti-a5-automatic-hatchback
2025-04-27 20:27:30,731 [INFO] Still auctioning: https://www.grays.com/lot/0001-21047819/motor-vehicles-motor-cycles/2013-bmw-x1-sdrive-18d-e84-lci-turbo-diesel-automatic-8-speed-wagon
2025-04-27 20:27:30,732 [INFO] Auction sold: https://www.grays.com/lot/0001-10910954/motor-vehicles-motor-cycles/2010-audi-a4-2-0-tfsi-b8-cvt-sedan for $4300.0
2025-04-27 20:27:30,741 [INFO] Added new sold vehicle to sold_cars_df.
2025-04-27 20:27:30,742 [INFO] Auction referred (no sale): https://www.grays.com/lot/0001-10348317/motor-vehicles-motor-cycles/2014-jeep-grand-cherokee-laredo-wk-automatic-8-speed-wagon
2025-04-27 20:27:30,762 [INFO] Added new referred vehicle to referred_df.
2025-04-27 20:27:30,765 [INFO] Still auctioning: https://www.grays.com/lot/0001-50711748/motor-vehicles-motor-cycles/2011-jeep-compass-sport-manual-wagon
2025-04-27 20:27:47,792 [INFO] Still auctioning: https://www.grays.com/lot/0001-10910981/motor-vehicles-motor-cycles/2012-subaru-xv-2-0i-s-g4x-cvt-hatchback
2025-04-27 20:27:47,793 [INFO] Still auctioning: https://www.grays.com/lot/0001-21047825/motor-vehicles-motor-cycles/2021-hyundai-i30-pd-automatic-hatchback
2025-04-27 20:27:47,793 [INFO] Still auctioning: https://www.grays.com/lot/0001-21047792/motor-vehicles-motor-cycles/1999-ford-transit-low-swb-vg-manual-van
2025-04-27 20:27:47,794 [INFO] Auction sold: https://www.grays.com/lot/0001-21047736/motor-vehicles-motor-cycles/2010-ford-falcon-xr6-fg-automatic-sedan for $4400.0
2025-04-27 20:27:47,820 [INFO] Added new sold vehicle to sold_cars_df.
2025-04-27 20:27:47,823 [INFO] Still auctioning: https://www.grays.com/lot/0001-21047830/motor-vehicles-motor-cycles/2013-toyota-hiace-slwb-trh221r-automatic-refrigerated-van
2025-04-27 20:27:47,824 [INFO] Still auctioning: https://www.grays.com/lot/0001-60047713/motor-vehicles-motor-cycles/2008-volkswagen-polo-pacific-9n-automatic-hatchback
2025-04-27 20:27:47,824 [INFO] Still auctioning: https://www.grays.com/lot/0001-9059089/motor-vehicles-motor-cycles/2012-volkswagen-polo-gti-6r-automatic-hatchback
2025-04-27 20:27:47,825 [INFO] Still auctioning: https://www.grays.com/lot/0001-50514985/motor-vehicles-motor-cycles/2006-ford-fiesta-zetec-wq-manual-hatchback
2025-04-27 20:28:02,189 [INFO] Still auctioning: https://www.grays.com/lot/0001-50514986/motor-vehicles-motor-cycles/2013-volkswagen-passat-118tsi-3c-automatic-sedan
2025-04-27 20:28:02,189 [INFO] Still auctioning: https://www.grays.com/lot/0001-10348389/motor-vehicles-motor-cycles/2019-toyota-landcruiser-prado-gx-4x4-gdj150r-turbo-diesel-automatic-wagon
2025-04-27 20:28:02,190 [INFO] Still auctioning: https://www.grays.com/lot/0001-50514968/motor-vehicles-motor-cycles/2011-mitsubishi-triton-4x4-gl-r-mn-turbo-diesel-manual-dual-cab
2025-04-27 20:28:02,190 [INFO] Still auctioning: https://www.grays.com/lot/0001-50514983/motor-vehicles-motor-cycles/2007-toyota-corolla-levin-sx-zre152r-manual-hatchback
2025-04-27 20:28:02,190 [INFO] Auction referred (no sale): https://www.grays.com/lot/0001-10910938/motor-vehicles-motor-cycles/2018-nissan-navara-4x2-rx-series-3-turbo-diesel-manual-cab-chassis
2025-04-27 20:28:02,197 [INFO] Added new referred vehicle to referred_df.
2025-04-27 20:28:02,198 [INFO] Still auctioning: https://www.grays.com/lot/0001-21047815/motor-vehicles-motor-cycles/2014-nissan-pathfinder-st-r52-cvt-7-seats-wagon
2025-04-27 20:28:02,199 [INFO] Auction sold: https://www.grays.com/lot/0001-21047625/motor-vehicles-motor-cycles/2008-mercedes-benz-s350-w221-automatic-sedan for $7700.0
2025-04-27 20:28:02,205 [INFO] Added new sold vehicle to sold_cars_df.
2025-04-27 20:28:02,206 [INFO] Still auctioning: https://www.grays.com/lot/0001-9058815/motor-vehicles-motor-cycles/2022-iveco-daily-automatic-van-35-180-hi-matic
2025-04-27 20:28:32,994 [INFO] Still auctioning: https://www.grays.com/lot/0001-9058987/motor-vehicles-motor-cycles/2018-land-rover-discovery-sport-td4-hse-t-d-auto-wagon-wovr-inspected
2025-04-27 20:28:32,994 [ERROR] Failed to retrieve URL (will retry later): https://www.grays.com/lot/0005-7056852/motor-vehicles-motor-cycles/kawasaki-ninja-500cc-road-bike-motorcycle
2025-04-27 20:28:32,995 [INFO] Still auctioning: https://www.grays.com/lot/0001-50514963/motor-vehicles-motor-cycles/2011-volkswagen-golf-90tsi-trendline-a6-automatic-wagon
2025-04-27 20:28:32,996 [INFO] Still auctioning: https://www.grays.com/lot/0001-10348409/motor-vehicles-motor-cycles/2023-mazda-cx-5-gt-sp-kf-automatic-wagon
2025-04-27 20:28:32,996 [INFO] Auction referred (no sale): https://www.grays.com/lot/0001-10910953/motor-vehicles-motor-cycles/2008-chrysler-grand-voyager-limited-rt-t-diesel-auto-7-seats-people-mover
2025-04-27 20:28:33,013 [INFO] Added new referred vehicle to referred_df.
2025-04-27 20:28:33,014 [INFO] Still auctioning: https://www.grays.com/lot/0001-9058985/motor-vehicles-motor-cycles/2009-mercedes-benz-ml-500-luxury-4x4-w164-automatic-wagon
2025-04-27 20:28:33,014 [INFO] Still auctioning: https://www.grays.com/lot/0001-50514953/motor-vehicles-motor-cycles/2010-mercedes-benz-c200-cgi-w204-automatic-sedan
2025-04-27 20:28:33,014 [INFO] Still auctioning: https://www.grays.com/lot/0001-50711759/motor-vehicles-motor-cycles/2010-mitsubishi-lancer-es-cj-manual-sedan
2025-04-27 20:28:47,561 [INFO] Auction sold: https://www.grays.com/lot/0001-10910932/motor-vehicles-motor-cycles/2006-bmw-3-20i-e90-automatic-sedan for $3300.0
2025-04-27 20:28:47,568 [INFO] Added new sold vehicle to sold_cars_df.
2025-04-27 20:28:47,569 [INFO] Auction referred (no sale): https://www.grays.com/lot/0001-10910960/motor-vehicles-motor-cycles/volkswagen-amarok-tdi550-core-2h-turbo-diesel-automatic-8-speed-dual-cab
2025-04-27 20:28:47,576 [INFO] Added new referred vehicle to referred_df.
2025-04-27 20:28:47,577 [INFO] Still auctioning: https://www.grays.com/lot/0001-10348384/motor-vehicles-motor-cycles/2007-mercedes-benz-a170-classic-w169-cvt-hatchback-pinkslip-issued-9-4-25
2025-04-27 20:28:47,577 [INFO] Auction sold: https://www.grays.com/lot/0001-21047708/motor-vehicles-motor-cycles/2004-toyota-echo-ncp12r-automatic-sedan for $809.0
2025-04-27 20:28:47,584 [INFO] Added new sold vehicle to sold_cars_df.
2025-04-27 20:28:47,586 [INFO] Still auctioning: https://www.grays.com/lot/0001-10348414/motor-vehicles-motor-cycles/2013-ford-focus-trend-lw-ii-automatic-hatchback
2025-04-27 20:28:47,587 [INFO] Still auctioning: https://www.grays.com/lot/0001-21047624/motor-vehicles-motor-cycles/2019-honda-cmx-500-a-1-seater
2025-04-27 20:28:47,587 [INFO] Still auctioning: https://www.grays.com/lot/0001-21047389/motor-vehicles-motor-cycles/2010-holden-cruze-cdx-jg-automatic-sedan-wovr-repairable
2025-04-27 20:28:47,588 [INFO] Still auctioning: https://www.grays.com/lot/0001-21047789/motor-vehicles-motor-cycles/2015-toyota-camry-altise-asv50r-automatic-sedan
2025-04-27 20:29:04,502 [INFO] Still auctioning: https://www.grays.com/lot/0001-9059029/motor-vehicles-motor-cycles/2016-hyundai-accent-active-rb-cvt-sedan
2025-04-27 20:29:04,502 [INFO] Still auctioning: https://www.grays.com/lot/0001-50514971/motor-vehicles-motor-cycles/2007-honda-cr-v-sport-re-automatic-wagon
2025-04-27 20:29:04,502 [INFO] Auction referred (no sale): https://www.grays.com/lot/0001-10910962/motor-vehicles-motor-cycles/2010-mitsubishi-lancer-es-cj-cvt-sedan
2025-04-27 20:29:04,509 [INFO] Added new referred vehicle to referred_df.
2025-04-27 20:29:04,510 [INFO] Auction sold: https://www.grays.com/lot/0001-50711741/motor-vehicles-motor-cycles/subaru-tribeca-3-6r-premium-b9-automatic-7-seats-wagon for $1095.0
2025-04-27 20:29:04,519 [INFO] Added new sold vehicle to sold_cars_df.
2025-04-27 20:29:04,520 [INFO] Auction referred (no sale): https://www.grays.com/lot/0001-10082403/motor-vehicles-motor-cycles/2006-stacer-sunmaster-sports
2025-04-27 20:29:04,529 [INFO] Added new referred vehicle to referred_df.
2025-04-27 20:29:04,530 [INFO] Still auctioning: https://www.grays.com/lot/0001-9059032/motor-vehicles-motor-cycles/2010-volkswagen-golf-118tsi-comfortline-a6-manual-hatchback
2025-04-27 20:29:04,530 [INFO] Still auctioning: https://www.grays.com/lot/0001-60047715/motor-vehicles-motor-cycles/2007-alfa-romeo-gt-jts-125-manual-coupe-wovr-inspected
2025-04-27 20:29:04,530 [INFO] Still auctioning: https://www.grays.com/lot/0001-21047809/motor-vehicles-motor-cycles/2013-kia-sportage-si-fwd-sl-ii-automatic-wagon
2025-04-27 20:29:24,715 [INFO] Still auctioning: https://www.grays.com/lot/0001-21047827/motor-vehicles-motor-cycles/bmw-x6-xdrive-35d-e71-turbo-diesel-automatic-coupe
2025-04-27 20:29:24,715 [INFO] Auction sold: https://www.grays.com/lot/0001-10910942/motor-vehicles-motor-cycles/2016-renault-koleos-zen-4x2-xzg-cvt-wagon for $4000.0
2025-04-27 20:29:24,723 [INFO] Added new sold vehicle to sold_cars_df.
2025-04-27 20:29:24,724 [INFO] Still auctioning: https://www.grays.com/lot/0001-9059063/motor-vehicles-motor-cycles/2018-audi-a1-1-4-tfsi-sport-8x-automatic-hatchback
2025-04-27 20:29:24,725 [INFO] Still auctioning: https://www.grays.com/lot/0001-21047893/motor-vehicles-motor-cycles/2022-mg-hs-vibe-automatic-wagon
2025-04-27 20:29:24,725 [INFO] Auction referred (no sale): https://www.grays.com/lot/0001-21047645/motor-vehicles-motor-cycles/2014-hyundai-ix35-se-fwd-lm-automatic-wagon
2025-04-27 20:29:24,731 [INFO] Added new referred vehicle to referred_df.
2025-04-27 20:29:24,731 [INFO] Auction sold: https://www.grays.com/lot/0001-10910921/motor-vehicles-motor-cycles/2012-hyundai-ix35-elite-awd-lm-automatic-wagon for $1609.0
2025-04-27 20:29:24,739 [INFO] Added new sold vehicle to sold_cars_df.
2025-04-27 20:29:24,739 [INFO] Still auctioning: https://www.grays.com/lot/0001-9059022/motor-vehicles-motor-cycles/2005-toyota-rav-4-cv-4x4-aca23r-automatic-wagon
2025-04-27 20:29:24,739 [INFO] Auction sold: https://www.grays.com/lot/0001-10348355/motor-vehicles-motor-cycles/2005-toyota-hilux-workmate-tgn16r-manual-cab-chassis for $4609.0
2025-04-27 20:29:24,749 [INFO] Added new sold vehicle to sold_cars_df.
2025-04-27 20:29:45,114 [INFO] Still auctioning: https://www.grays.com/lot/0001-21047572/motor-vehicles-motor-cycles/2015-land-rover-range-rover-sport-3-0-sdv6-hev-hse-turbo-diesel-auto
2025-04-27 20:29:45,114 [INFO] Still auctioning: https://www.grays.com/lot/0001-9059036/motor-vehicles-motor-cycles/2010-holden-commodore-sv6-ve-automatic-ute
2025-04-27 20:29:45,114 [INFO] Auction sold: https://www.grays.com/lot/0001-21047566/motor-vehicles-motor-cycles/2013-ford-territory-tx-rwd-sz-automatic-7-seats-wagon for $5509.0
2025-04-27 20:29:45,123 [INFO] Added new sold vehicle to sold_cars_df.
2025-04-27 20:29:45,124 [INFO] Still auctioning: https://www.grays.com/lot/0001-50711746/motor-vehicles-motor-cycles/2009-volkswagen-golf-118tsi-comfortline-a6-automatic-hatchback
2025-04-27 20:29:45,126 [INFO] Still auctioning: https://www.grays.com/lot/0001-10348397/motor-vehicles-motor-cycles/2013-volkswagen-jetta-118tsi-comfortline-1b-automatic-sedan
2025-04-27 20:29:45,126 [INFO] Still auctioning: https://www.grays.com/lot/0001-50514948/motor-vehicles-motor-cycles/2006-hyundai-terracan-crdi-turbo-diesel-automatic-7-seats-wagon
2025-04-27 20:29:45,126 [INFO] Auction sold: https://www.grays.com/lot/0001-21047707/motor-vehicles-motor-cycles/2006-subaru-outback-2-5i-b4a-automatic-wagon for $2100.0
2025-04-27 20:29:45,139 [INFO] Added new sold vehicle to sold_cars_df.
2025-04-27 20:29:45,139 [INFO] Auction sold: https://www.grays.com/lot/0001-21047720/motor-vehicles-motor-cycles/2018-ldv-t60-pro-turbo-diesel-automatic-dual-cab for $7700.0
2025-04-27 20:29:45,148 [INFO] Added new sold vehicle to sold_cars_df.
2025-04-27 20:30:00,649 [INFO] Still auctioning: https://www.grays.com/lot/0001-21047796/motor-vehicles-motor-cycles/2013-audi-a3-1-4-tfsi-attraction-8v-automatic-hatchback
2025-04-27 20:30:00,649 [INFO] Still auctioning: https://www.grays.com/lot/0001-10348408/motor-vehicles-motor-cycles/2021-skoda-octavia-110tsi-style-nx-automatic-8-speed-wagon
2025-04-27 20:30:00,649 [INFO] Still auctioning: https://www.grays.com/lot/0001-50514924/motor-vehicles-motor-cycles/2012-jeep-compass-sport-cvt-wagon
2025-04-27 20:30:00,649 [INFO] Still auctioning: https://www.grays.com/lot/0001-21047773/motor-vehicles-motor-cycles/2003-toyota-landcruiser-prado-grande-4x4-grj120r-auto-wovr-inspected
2025-04-27 20:30:00,650 [INFO] Still auctioning: https://www.grays.com/lot/0001-21047643/motor-vehicles-motor-cycles/2011-mazda-6-touring-gh-automatic-hatchback-wovr-inspected
2025-04-27 20:30:00,650 [INFO] Still auctioning: https://www.grays.com/lot/0001-21047841/motor-vehicles-motor-cycles/2013-volkswagen-amarok-tdi420-trendline-2h-turbo-diesel-auto
2025-04-27 20:30:00,650 [INFO] Auction sold: https://www.grays.com/lot/0001-21047726/motor-vehicles-motor-cycles/2016-nissan-x-trail-st-fwd-t32-cvt-wagon for $3100.0
2025-04-27 20:30:00,661 [INFO] Added new sold vehicle to sold_cars_df.
2025-04-27 20:30:00,662 [INFO] Still auctioning: https://www.grays.com/lot/0001-21047811/motor-vehicles-motor-cycles/2016-ford-ranger-xl-4x2-hi-rider-px-ii-turbo-diesel-automatic-dual-cab
2025-04-27 20:30:19,435 [INFO] Still auctioning: https://www.grays.com/lot/0001-50514959/motor-vehicles-motor-cycles/2006-bmw-1-20i-e87-automatic-hatchback
2025-04-27 20:30:19,435 [INFO] Still auctioning: https://www.grays.com/lot/0001-21047569/motor-vehicles-motor-cycles/2016-renault-master-lwb-mid-roof-turbo-diesel-automatic-van
2025-04-27 20:30:19,436 [INFO] Still auctioning: https://www.grays.com/lot/0001-9059040/motor-vehicles-motor-cycles/2014-ford-fiesta-sport-wz-manual-hatchback
2025-04-27 20:30:19,436 [INFO] Still auctioning: https://www.grays.com/lot/0001-10910919/motor-vehicles-motor-cycles/2018-nissan-qashqai-ti-j11-ii-cvt-wagon
2025-04-27 20:30:19,436 [INFO] Still auctioning: https://www.grays.com/lot/0001-50711750/motor-vehicles-motor-cycles/ford-transit-12-seat-vm-turbo-diesel-manual-bus
2025-04-27 20:30:19,437 [INFO] Still auctioning: https://www.grays.com/lot/0001-9058984/motor-vehicles-motor-cycles/2007-nissan-x-trail-st-s-4x4-t30-automatic-wagon
2025-04-27 20:30:19,437 [INFO] Auction sold: https://www.grays.com/lot/0001-10348379/motor-vehicles-motor-cycles/2013-mazda-2-neo-de-automatic-hatchback-wovr-repairable for $809.0
2025-04-27 20:30:19,458 [INFO] Added new sold vehicle to sold_cars_df.
2025-04-27 20:30:19,459 [INFO] Still auctioning: https://www.grays.com/lot/0001-9059008/motor-vehicles-motor-cycles/2012-bmw-x3-xdrive-30d-f25-turbo-diesel-automatic-8-speed-wagon
2025-04-27 20:30:42,597 [INFO] Still auctioning: https://www.grays.com/lot/0001-50514944/motor-vehicles-motor-cycles/2007-bmw-1-20i-e87-automatic-hatchback
2025-04-27 20:30:42,597 [INFO] Still auctioning: https://www.grays.com/lot/0001-21047661/motor-vehicles-motor-cycles/2010-bmw-x5-xdrive-30d-e70-lci-turbo-diesel-automatic-8-speed-wagon
2025-04-27 20:30:42,597 [INFO] Still auctioning: https://www.grays.com/lot/0001-9059035/motor-vehicles-motor-cycles/2014-peugeot-2008-allure-automatic-wagon
2025-04-27 20:30:42,598 [INFO] Still auctioning: https://www.grays.com/lot/0001-50514958/motor-vehicles-motor-cycles/2015-subaru-liberty-2-5i-premium-b6-cvt-sedan
2025-04-27 20:30:42,598 [INFO] Still auctioning: https://www.grays.com/lot/0001-21047589/motor-vehicles-motor-cycles/2015-peugeot-308-allure-touring-turbo-diesel-automatic-wagon
2025-04-27 20:30:42,598 [INFO] Still auctioning: https://www.grays.com/lot/0001-60047714/motor-vehicles-motor-cycles/2000-toyota-camry-csi-sxv20r-automatic-sedan
2025-04-27 20:30:42,598 [INFO] Still auctioning: https://www.grays.com/lot/0001-21047724/motor-vehicles-motor-cycles/2017-mercedes-benz-c-class-c200-s205-9-auto-wagon
2025-04-27 20:30:42,598 [INFO] Auction sold: https://www.grays.com/lot/0001-21047717/motor-vehicles-motor-cycles/2008-nissan-navara-st-x-4x4-d40-automatic-dual-cab-wovr-inspected for $1609.0
2025-04-27 20:30:42,607 [INFO] Added new sold vehicle to sold_cars_df.
2025-04-27 20:31:02,240 [INFO] Still auctioning: https://www.grays.com/lot/0001-10910968/motor-vehicles-motor-cycles/mitsubishi-fuso-rosa-bus-manual-22-seats-bus
2025-04-27 20:31:02,241 [INFO] Still auctioning: https://www.grays.com/lot/0001-50514940/motor-vehicles-motor-cycles/2013-mazda-cx-9-grand-touring-automatic-7-seats-wagon
2025-04-27 20:31:02,241 [INFO] Auction referred (no sale): https://www.grays.com/lot/0001-10910947/motor-vehicles-motor-cycles/2012-volkswagen-tiguan-132-tsi-pacific-5n-automatic-wagon
2025-04-27 20:31:02,253 [INFO] Added new referred vehicle to referred_df.
2025-04-27 20:31:02,254 [INFO] Still auctioning: https://www.grays.com/lot/0001-21047837/motor-vehicles-motor-cycles/2015-renault-trafic-lwb-l2h1-dci-140-turbo-diesel-manual-van
2025-04-27 20:31:02,254 [INFO] Auction referred (no sale): https://www.grays.com/lot/0001-50711734/motor-vehicles-motor-cycles/2011-audi-q7-3-0-tdi-quattro-turbo-diesel-automatic-8-speed-7-seats-wagon
2025-04-27 20:31:02,261 [INFO] Added new referred vehicle to referred_df.
2025-04-27 20:31:02,262 [INFO] Still auctioning: https://www.grays.com/lot/0001-10348393/motor-vehicles-motor-cycles/2017-holden-colorado-4x2-lx-rg-turbo-diesel-automatic-cab-chassis
2025-04-27 20:31:02,262 [INFO] Auction referred (no sale): https://www.grays.com/lot/0001-10910925/motor-vehicles-motor-cycles/volkswagen-amarok-tdi420-core-plus-2h-turbo-diesel-auto-8-speed-dual-cab
2025-04-27 20:31:02,269 [INFO] Added new referred vehicle to referred_df.
2025-04-27 20:31:02,270 [INFO] Still auctioning: https://www.grays.com/lot/0001-21047760/motor-vehicles-motor-cycles/2013-ford-kuga-awd-trend-tf-turbo-diesel-automatic-wagon
2025-04-27 20:31:17,397 [INFO] Still auctioning: https://www.grays.com/lot/0001-10348417/motor-vehicles-motor-cycles/2013-jeep-patriot-limited-mk-automatic-wagon
2025-04-27 20:31:17,397 [INFO] Still auctioning: https://www.grays.com/lot/0001-10910966/motor-vehicles-motor-cycles/2015-jeep-grand-cherokee-limited-4x4-wk-turbo-diesel-auto-8-speed-wagon
2025-04-27 20:31:17,397 [INFO] Still auctioning: https://www.grays.com/lot/0001-21047881/motor-vehicles-motor-cycles/2008-toyota-tarago-gli-acr50r-automatic-8-seats-people-mover
2025-04-27 20:31:17,397 [INFO] Auction sold: https://www.grays.com/lot/0001-50711740/motor-vehicles-motor-cycles/2013-nissan-pulsar-st-b17-cvt-sedan for $1209.0
2025-04-27 20:31:17,408 [INFO] Added new sold vehicle to sold_cars_df.
2025-04-27 20:31:17,410 [INFO] Auction referred (no sale): https://www.grays.com/lot/0001-10910935/motor-vehicles-motor-cycles/2012-ssangyong-korando-spr-turbo-diesel-automatic-wagon
2025-04-27 20:31:17,420 [INFO] Added new referred vehicle to referred_df.
2025-04-27 20:31:17,421 [INFO] Still auctioning: https://www.grays.com/lot/0001-9059094/motor-vehicles-motor-cycles/2002-volkswagen-transporter-2-5i-lwb-t-d-auto-van-wovr-inspected
2025-04-27 20:31:17,421 [INFO] Still auctioning: https://www.grays.com/lot/0001-50514961/motor-vehicles-motor-cycles/2007-mitsubishi-outlander-vr-zg-automatic-wagon
2025-04-27 20:31:17,421 [INFO] Still auctioning: https://www.grays.com/lot/0001-21047538/motor-vehicles-motor-cycles/2012-toyota-hilux-workmate-4x4-kun26r-turbo-diesel-manual-cab-chassis
2025-04-27 20:31:37,450 [INFO] Still auctioning: https://www.grays.com/lot/0001-21047804/motor-vehicles-motor-cycles/2013-citroen-grand-c4-picasso-exclusive-turbo-diesel-auto-7-seats-wagon
2025-04-27 20:31:37,451 [INFO] Still auctioning: https://www.grays.com/lot/0001-9059064/motor-vehicles-motor-cycles/2014-jeep-grand-cherokee-laredo-4x4-wk-turbo-diesel-auto-8-speed-wagon
2025-04-27 20:31:37,452 [INFO] Still auctioning: https://www.grays.com/lot/0001-21047838/motor-vehicles-motor-cycles/2017-mazda-6-touring-gl-turbo-diesel-automatic-sedan
2025-04-27 20:31:37,453 [INFO] Still auctioning: https://www.grays.com/lot/0001-10348429/motor-vehicles-motor-cycles/2002-comp-suzuki-gs-500-manual-motorbike
2025-04-27 20:31:37,453 [INFO] Still auctioning: https://www.grays.com/lot/0001-9058983/motor-vehicles-motor-cycles/2008-audi-a6-2-0-tfsi-c6-cvt-sedan
2025-04-27 20:31:37,453 [INFO] Still auctioning: https://www.grays.com/lot/0001-21047771/motor-vehicles-motor-cycles/2010-audi-q5-2-0-tdi-quattro-8r-turbo-diesel-automatic-wagon
2025-04-27 20:31:37,455 [INFO] Still auctioning: https://www.grays.com/lot/0001-10348406/motor-vehicles-motor-cycles/2018-kia-cerato-s-bd-automatic-hatchback
2025-04-27 20:31:37,455 [INFO] Still auctioning: https://www.grays.com/lot/0001-50514943/motor-vehicles-motor-cycles/2011-volkswagen-passat-cc-v6-fsi-3cc-automatic-coupe
2025-04-27 20:31:54,637 [INFO] Still auctioning: https://www.grays.com/lot/0001-9059028/motor-vehicles-motor-cycles/2010-mazda-2-maxx-de-automatic-sedan
2025-04-27 20:31:54,638 [INFO] Still auctioning: https://www.grays.com/lot/0001-50514921/motor-vehicles-motor-cycles/2020-toyota-rav-4-fwd-gx-mxaa52r-cvt-wagon
2025-04-27 20:31:54,639 [INFO] Still auctioning: https://www.grays.com/lot/0001-10348410/motor-vehicles-motor-cycles/2018-kia-cerato-s-bd-automatic-hatchback
2025-04-27 20:31:54,640 [INFO] Still auctioning: https://www.grays.com/lot/0001-21047570/motor-vehicles-motor-cycles/2012-jeep-grand-cherokee-overland-5-7-v8-4x4-wk-automatic-wagon
2025-04-27 20:31:54,640 [INFO] Still auctioning: https://www.grays.com/lot/0001-50514982/motor-vehicles-motor-cycles/2013-holden-barina-tm-manual-hatchback
2025-04-27 20:31:54,641 [INFO] Auction sold: https://www.grays.com/lot/0001-10910957/motor-vehicles-motor-cycles/2015-ford-ranger-xl-4x4-px-ii-turbo-diesel-automatic-crew-cab-chassis for $15609.0
2025-04-27 20:31:54,652 [INFO] Added new sold vehicle to sold_cars_df.
2025-04-27 20:31:54,653 [INFO] Still auctioning: https://www.grays.com/lot/0001-21047592/motor-vehicles-motor-cycles/audi-a4-1-8-tfsi-b8-manual-sedan
2025-04-27 20:31:54,653 [INFO] Still auctioning: https://www.grays.com/lot/0001-21047892/motor-vehicles-motor-cycles/2015-citroen-grand-c4-picasso-exclusive-turbo-diesel-auto-7-seats-wagon
2025-04-27 20:32:14,921 [INFO] Still auctioning: https://www.grays.com/lot/0001-50514927/motor-vehicles-motor-cycles/2015-volkswagen-polo-66tsi-trendline-6r-automatic-hatchback
2025-04-27 20:32:14,921 [INFO] Still auctioning: https://www.grays.com/lot/0001-9059030/motor-vehicles-motor-cycles/2010-subaru-liberty-2-5i-premium-b5-cvt-wagon
2025-04-27 20:32:14,921 [INFO] Still auctioning: https://www.grays.com/lot/0001-21047821/motor-vehicles-motor-cycles/2012-opel-astra-gtc-pj-automatic-hatchback
2025-04-27 20:32:14,921 [INFO] Still auctioning: https://www.grays.com/lot/0001-50514922/motor-vehicles-motor-cycles/2014-nissan-x-trail-st-fwd-t32-cvt-7-seats-wagon
2025-04-27 20:32:14,921 [INFO] Still auctioning: https://www.grays.com/lot/0001-21047769/motor-vehicles-motor-cycles/2008-lexus-gs450h-hybrid-cvt-sedan
2025-04-27 20:32:14,921 [INFO] Still auctioning: https://www.grays.com/lot/0001-21047665/motor-vehicles-motor-cycles/2013-holden-cruze-cdx-jh-automatic-sedan
2025-04-27 20:32:14,921 [INFO] Auction sold: https://www.grays.com/lot/0001-21047713/motor-vehicles-motor-cycles/2013-jeep-grand-cherokee-laredo-4x4-wk-turbo-diesel-automatic-wagon for $6100.0
2025-04-27 20:32:14,929 [INFO] Added new sold vehicle to sold_cars_df.
2025-04-27 20:32:14,930 [INFO] Still auctioning: https://www.grays.com/lot/0001-21047750/motor-vehicles-motor-cycles/2015-ford-territory-titanium-rwd-sz-ii-t-d-auto-7-seats-rwc-issued-104-25
2025-04-27 20:32:34,298 [INFO] Still auctioning: https://www.grays.com/lot/0001-50514931/motor-vehicles-motor-cycles/2012-holden-cruze-sri-v-jh-automatic-sedan
2025-04-27 20:32:34,298 [INFO] Still auctioning: https://www.grays.com/lot/0001-9059093/motor-vehicles-motor-cycles/2012-mini-cooper-roadster-s-r59-automatic-convertible
2025-04-27 20:32:34,298 [INFO] Still auctioning: https://www.grays.com/lot/0001-50711743/motor-vehicles-motor-cycles/2015-mazda-bt-50-4x2-xt-turbo-diesel-automatic-extra-cab
2025-04-27 20:32:34,298 [INFO] Still auctioning: https://www.grays.com/lot/0001-9059083/motor-vehicles-motor-cycles/2006-audi-a4-2-0-b7-cvt-sedan
2025-04-27 20:32:34,299 [INFO] Still auctioning: https://www.grays.com/lot/0001-10348403/motor-vehicles-motor-cycles/mercedes-benz-sprinter-316-cdi-mwb-l-roof-turbo-diesel-automatic-van
2025-04-27 20:32:34,299 [INFO] Still auctioning: https://www.grays.com/lot/0001-9059027/motor-vehicles-motor-cycles/2018-bmw-g310-motorcycle
2025-04-27 20:32:34,299 [INFO] Still auctioning: https://www.grays.com/lot/0001-10348427/motor-vehicles-motor-cycles/2016-renault-clio-expression-automatic-hatchback
2025-04-27 20:32:34,300 [INFO] Still auctioning: https://www.grays.com/lot/0001-50711745/motor-vehicles-motor-cycles/2016-land-rover-discovery-sport-si4-se-9-auto-wagon
2025-04-27 20:32:57,408 [INFO] Still auctioning: https://www.grays.com/lot/0001-50711755/motor-vehicles-motor-cycles/2021-nissan-x-trail-st-fwd-t32-cvt-wagon
2025-04-27 20:32:57,409 [INFO] Still auctioning: https://www.grays.com/lot/0001-21047790/motor-vehicles-motor-cycles/2008-porsche-cayenne-automatic-wagon
2025-04-27 20:32:57,409 [INFO] Still auctioning: https://www.grays.com/lot/0001-21047803/motor-vehicles-motor-cycles/2010-holden-calais-ve-automatic-sedan
2025-04-27 20:32:57,409 [INFO] Still auctioning: https://www.grays.com/lot/0001-50514949/motor-vehicles-motor-cycles/2017-holden-astra-r-bk-automatic-hatchback
2025-04-27 20:32:57,409 [INFO] Still auctioning: https://www.grays.com/lot/0001-50514954/motor-vehicles-motor-cycles/2007-bmw-3-20i-e90-automatic-sedan
2025-04-27 20:32:57,409 [INFO] Still auctioning: https://www.grays.com/lot/0001-10910973/motor-vehicles-motor-cycles/2003-toyota-hilux-sr5-4x4-manual-dual-cab
2025-04-27 20:32:57,409 [INFO] Still auctioning: https://www.grays.com/lot/0001-9059038/motor-vehicles-motor-cycles/2014-holden-colorado-4x2-lx-rg-turbo-diesel-automatic-cab-chassis
2025-04-27 20:32:57,410 [INFO] Still auctioning: https://www.grays.com/lot/0001-9059007/motor-vehicles-motor-cycles/2014-peugeot-308-access-automatic-hatchback
2025-04-27 20:33:21,857 [ERROR] Failed to retrieve URL (will retry later): https://www.grays.com/lot/0001-10348119/motor-vehicles-motor-cycles/2020-toyota-corolla-ascent-sport-hybrid-zwe211r-cvt-hatchback
2025-04-27 20:33:21,857 [INFO] Auction referred (no sale): https://www.grays.com/lot/0001-10910934/motor-vehicles-motor-cycles/2016-mazda-bt-50-4x2-xt-turbo-diesel-manual-cab-chassis
2025-04-27 20:33:21,866 [INFO] Added new referred vehicle to referred_df.
2025-04-27 20:33:21,867 [INFO] Still auctioning: https://www.grays.com/lot/0001-21047884/motor-vehicles-motor-cycles/2014-jeep-grand-cherokee-limited-4x4-wk-turbo-diesel-auto-8-speed-wagon
2025-04-27 20:33:21,867 [INFO] Auction sold: https://www.grays.com/lot/0001-21047735/motor-vehicles-motor-cycles/2006-toyota-corolla-ascent-zze123r-automatic-sedan for $5800.0
2025-04-27 20:33:21,877 [INFO] Added new sold vehicle to sold_cars_df.
2025-04-27 20:33:21,878 [INFO] Still auctioning: https://www.grays.com/lot/0001-10348407/motor-vehicles-motor-cycles/2021-skoda-octavia-110tsi-style-nx-automatic-8-speed-wagon
2025-04-27 20:33:21,878 [INFO] Still auctioning: https://www.grays.com/lot/0001-10910967/motor-vehicles-motor-cycles/2007-mitsubishi-pajero-vr-x-lwb-4x4-ns-automatic-7-seats-wagon
2025-04-27 20:33:21,878 [INFO] Still auctioning: https://www.grays.com/lot/0001-21047655/motor-vehicles-motor-cycles/bmw-3-23i-e90-automatic-sedan
2025-04-27 20:33:21,879 [INFO] Still auctioning: https://www.grays.com/lot/0001-21047890/motor-vehicles-motor-cycles/2007-toyota-yaris-yr-ncp90r-manual-hatchback
2025-04-27 20:33:38,252 [INFO] Still auctioning: https://www.grays.com/lot/0001-21047788/motor-vehicles-motor-cycles/2011-volkswagen-polo-77-tsi-comfortline-6r-rwc-issued-10-04-2024
2025-04-27 20:33:38,252 [INFO] Still auctioning: https://www.grays.com/lot/0001-9059087/motor-vehicles-motor-cycles/2003-holden-commodore-y-series-automatic-ute
2025-04-27 20:33:38,252 [INFO] Still auctioning: https://www.grays.com/lot/0001-9059013/motor-vehicles-motor-cycles/2015-holden-colorado-4x4-lx-rg-turbo-diesel-manual-dual-cab
2025-04-27 20:33:38,252 [INFO] Still auctioning: https://www.grays.com/lot/0001-60047717/motor-vehicles-motor-cycles/2008-audi-a5-2-0-tfsi-quattro-8t-manual-coupe
2025-04-27 20:33:38,252 [INFO] Still auctioning: https://www.grays.com/lot/0001-21047842/motor-vehicles-motor-cycles/2006-bmw-550i-e60-automatic-sedan
2025-04-27 20:33:38,253 [INFO] Auction sold: https://www.grays.com/lot/0001-50711726/motor-vehicles-motor-cycles/2022-polestar-2-long-range-dual-direct-drive-sedan-wovr-repairable for $11100.0
2025-04-27 20:33:38,265 [INFO] Added new sold vehicle to sold_cars_df.
2025-04-27 20:33:38,266 [INFO] Still auctioning: https://www.grays.com/lot/0001-9059058/motor-vehicles-motor-cycles/2011-mercedes-benz-e250-cdi-elegance-c207-turbo-diesel-automatic-coupe
2025-04-27 20:33:38,267 [INFO] Still auctioning: https://www.grays.com/lot/0001-10348411/motor-vehicles-motor-cycles/2021-subaru-outback-sport-b7-cvt-wagon
2025-04-27 20:33:52,794 [INFO] Still auctioning: https://www.grays.com/lot/0001-60047722/motor-vehicles-motor-cycles/2013-hyundai-i30-tourer-active-gd-turbo-diesel-automatic-wagon
2025-04-27 20:33:52,794 [INFO] Still auctioning: https://www.grays.com/lot/0001-9059042/motor-vehicles-motor-cycles/2010-mercedes-benz-ml350-cdi-w164-turbo-diesel-automatic-wagon
2025-04-27 20:33:52,794 [INFO] Still auctioning: https://www.grays.com/lot/0001-21047832/motor-vehicles-motor-cycles/2017-suzuki-grand-vitara-jt-automatic-wagon
2025-04-27 20:33:52,794 [INFO] Still auctioning: https://www.grays.com/lot/0001-50514912/motor-vehicles-motor-cycles/2010-ford-ranger-4wd-manual-dual-cab-chassis
2025-04-27 20:33:52,795 [INFO] Still auctioning: https://www.grays.com/lot/0001-10910965/motor-vehicles-motor-cycles/2007-bmw-3-35i-e92-automatic-coupe
2025-04-27 20:33:52,795 [INFO] Still auctioning: https://www.grays.com/lot/0001-21047752/motor-vehicles-motor-cycles/2007-volkswagen-transporter-swb-t5-turbo-diesel-manual-van
2025-04-27 20:33:52,795 [INFO] Still auctioning: https://www.grays.com/lot/0001-21047762/motor-vehicles-motor-cycles/2015-mercedes-benz-sprinter-313-cdi-lwb-h-roof-turbo-diesel-automatic-van
2025-04-27 20:33:52,795 [INFO] Still auctioning: https://www.grays.com/lot/0001-50514951/motor-vehicles-motor-cycles/2014-jeep-grand-cherokee-laredo-wk-automatic-8-speed-wagon
2025-04-27 20:34:10,011 [INFO] Still auctioning: https://www.grays.com/lot/0001-21047027/motor-vehicles-motor-cycles/2001-hsv-clubsport-r8-vx-automatic-sedan
2025-04-27 20:34:10,011 [INFO] Still auctioning: https://www.grays.com/lot/0001-9059031/motor-vehicles-motor-cycles/2016-mazda-bt-50-4x2-xt-turbo-diesel-manual-extra-cab
2025-04-27 20:34:10,011 [INFO] Still auctioning: https://www.grays.com/lot/0001-21047894/motor-vehicles-motor-cycles/2014-mazda-6-gt-gj-turbo-diesel-automatic-sedan
2025-04-27 20:34:10,011 [INFO] Still auctioning: https://www.grays.com/lot/0001-10910979/motor-vehicles-motor-cycles/2015-hyundai-accent-active-rb-cvt-hatchback
2025-04-27 20:34:10,012 [INFO] Auction referred (no sale): https://www.grays.com/lot/0001-10910943/motor-vehicles-motor-cycles/1990-nissan-pulsar-q-automatic-hatch
2025-04-27 20:34:10,019 [INFO] Added new referred vehicle to referred_df.
2025-04-27 20:34:10,020 [INFO] Still auctioning: https://www.grays.com/lot/0001-10348421/motor-vehicles-motor-cycles/2004-alfa-romeo-156-jts-automatic-sedan
2025-04-27 20:34:10,020 [INFO] Still auctioning: https://www.grays.com/lot/0001-21047870/motor-vehicles-motor-cycles/2012-hyundai-i30-active-gd-automatic-hatchback
2025-04-27 20:34:10,020 [INFO] Still auctioning: https://www.grays.com/lot/0001-21047885/motor-vehicles-motor-cycles/2010-suzuki-swift-ez-automatic-hatchback
2025-04-27 20:34:27,868 [INFO] Still auctioning: https://www.grays.com/lot/0001-10348419/motor-vehicles-motor-cycles/import-2013-vespa-lx-150-automatic-motorcycle
2025-04-27 20:34:27,868 [INFO] Auction sold: https://www.grays.com/lot/0001-50711739/motor-vehicles-motor-cycles/2013-subaru-tribeca-3-6r-premium-b9-automatic-7-seats-wagon for $3500.0
2025-04-27 20:34:27,876 [INFO] Added new sold vehicle to sold_cars_df.
2025-04-27 20:34:27,877 [INFO] Still auctioning: https://www.grays.com/lot/0001-21047705/motor-vehicles-motor-cycles/2008-mazda-cx-7-luxury-4x4-automatic-wagon
2025-04-27 20:34:27,877 [INFO] Still auctioning: https://www.grays.com/lot/0001-9059037/motor-vehicles-motor-cycles/2004-mitsubishi-lancer-es-ch-automatic-sedan
2025-04-27 20:34:27,877 [INFO] Still auctioning: https://www.grays.com/lot/0001-21047793/motor-vehicles-motor-cycles/2014-toyota-kluger-grande-4x4-gsu55r-automatic-7-seats-wagon
2025-04-27 20:34:27,877 [INFO] Still auctioning: https://www.grays.com/lot/0001-9059009/motor-vehicles-motor-cycles/2013-volkswagen-caddy-tdi250-maxi-bluemot-t-d-auto-van
2025-04-27 20:34:27,877 [INFO] Still auctioning: https://www.grays.com/lot/0001-9059005/motor-vehicles-motor-cycles/2011-holden-sportwagon-sv6-ve-automatic-wagon
2025-04-27 20:34:27,877 [INFO] Still auctioning: https://www.grays.com/lot/0001-10348390/motor-vehicles-motor-cycles/2017-holden-astra-ltz-bl-automatic-sedan
2025-04-27 20:34:49,670 [INFO] Auction referred (no sale): https://www.grays.com/lot/0001-10910963/motor-vehicles-motor-cycles/2014-mitsubishi-triton-glx-4x4-mn-turbo-diesel-automatic-dual-cab
2025-04-27 20:34:49,680 [INFO] Added new referred vehicle to referred_df.
2025-04-27 20:34:49,681 [INFO] Still auctioning: https://www.grays.com/lot/0001-9059084/motor-vehicles-motor-cycles/2003-bmw-525i-e60-automatic-sedan-wovr-inspected
2025-04-27 20:34:49,682 [INFO] Still auctioning: https://www.grays.com/lot/0001-9058999/motor-vehicles-motor-cycles/2008-toyota-hilux-sr5-4x4-kun26r-turbo-diesel-automatic-dual-cab
2025-04-27 20:34:49,682 [INFO] Still auctioning: https://www.grays.com/lot/0001-21047757/motor-vehicles-motor-cycles/2006-mercedes-benz-clk63-amg-c209-automatic-coupe
2025-04-27 20:34:49,682 [INFO] Still auctioning: https://www.grays.com/lot/0001-9058993/motor-vehicles-motor-cycles/2019-mitsubishi-triton-4x2-glx-adas-mr-turbo-diesel-automatic-dual-cab
2025-04-27 20:34:49,683 [INFO] Still auctioning: https://www.grays.com/lot/0001-10348400/motor-vehicles-motor-cycles/2017-hyundai-tucson-active-x-tl-automatic-wagon
2025-04-27 20:34:49,683 [INFO] Auction referred (no sale): https://www.grays.com/lot/0001-10910920/motor-vehicles-motor-cycles/2010-audi-q7-3-0-tdi-quattro-turbo-diesel-automatic-7-seats-wagon
2025-04-27 20:34:49,692 [INFO] Added new referred vehicle to referred_df.
2025-04-27 20:34:49,693 [INFO] Still auctioning: https://www.grays.com/lot/0001-60047731/motor-vehicles-motor-cycles/2015-mitsubishi-triton-gls-4x4-mq-turbo-diesel-automatic-dual-cab
2025-04-27 20:35:05,488 [INFO] Still auctioning: https://www.grays.com/lot/0001-50514913/motor-vehicles-motor-cycles/2011-nissan-x-trail-ts-cvt
2025-04-27 20:35:05,488 [INFO] Still auctioning: https://www.grays.com/lot/0001-9059004/motor-vehicles-motor-cycles/2011-volkswagen-golf-77tsi-a6-automatic-hatchback
2025-04-27 20:35:05,488 [INFO] Still auctioning: https://www.grays.com/lot/0001-21047663/motor-vehicles-motor-cycles/2012-holden-cruze-cd-jh-automatic-hatchback
2025-04-27 20:35:05,489 [INFO] Cancelled auction: https://www.grays.com/lot/0001-10910959/motor-vehicles-motor-cycles/2014-kia-sportage-platinum-awd-sl-ii-turbo-diesel-automatic-wagon
2025-04-27 20:35:05,489 [INFO] Still auctioning: https://www.grays.com/lot/0001-9059091/motor-vehicles-motor-cycles/2009-mitsubishi-lancer-es-sportback-cj-manual-hatchback
2025-04-27 20:35:05,489 [INFO] Still auctioning: https://www.grays.com/lot/0001-60047625/motor-vehicles-motor-cycles/2010-hyundai-i-load-tq-v-4-x-2-van
2025-04-27 20:35:05,490 [INFO] Still auctioning: https://www.grays.com/lot/0001-10348423/motor-vehicles-motor-cycles/2011-ford-territory-titanium-sz-turbo-diesel-automatic-7-seats-wagon
2025-04-27 20:35:05,490 [INFO] Still auctioning: https://www.grays.com/lot/0001-50514965/motor-vehicles-motor-cycles/2011-nissan-murano-ti-4x4-auto-suv
2025-04-27 20:35:24,794 [INFO] Still auctioning: https://www.grays.com/lot/0001-50514942/motor-vehicles-motor-cycles/2007-jeep-wrangler-unlimited-sport-4x4-jk-manual-wagon
2025-04-27 20:35:24,794 [INFO] Still auctioning: https://www.grays.com/lot/0001-9059025/motor-vehicles-motor-cycles/2013-bmw-x5-xdrive-30d-e70-lci-turbo-diesel-automatic-8-speed-wagon
2025-04-27 20:35:24,794 [INFO] Auction sold: https://www.grays.com/lot/0001-21047727/motor-vehicles-motor-cycles/2010-bmw-x1-xdrive-20d-e84-turbo-diesel-automatic-wagon for $3102.0
2025-04-27 20:35:24,802 [INFO] Added new sold vehicle to sold_cars_df.
2025-04-27 20:35:24,803 [INFO] Still auctioning: https://www.grays.com/lot/0001-50514937/motor-vehicles-motor-cycles/2005-audi-a4-2-0-b7-cvt-sedan
2025-04-27 20:35:24,804 [INFO] Still auctioning: https://www.grays.com/lot/0001-50514957/motor-vehicles-motor-cycles/1989-holden-commodore-manual-sedan
2025-04-27 20:35:24,804 [INFO] Still auctioning: https://www.grays.com/lot/0001-21047805/motor-vehicles-motor-cycles/2013-kia-grand-carnival-s-vq-automatic-8-seats-people-mover
2025-04-27 20:35:24,804 [INFO] Still auctioning: https://www.grays.com/lot/0001-21047846/motor-vehicles-motor-cycles/2011-volkswagen-golf-118tsi-comfortline-a6-automatic-wagon
2025-04-27 20:35:24,804 [INFO] Auction sold: https://www.grays.com/lot/0001-10348377/motor-vehicles-motor-cycles/2013-jeep-grand-cherokee-laredo-4x4-wk-automatic-8-speed-wagon for $5000.0
2025-04-27 20:35:24,812 [INFO] Added new sold vehicle to sold_cars_df.
2025-04-27 20:35:42,211 [INFO] Still auctioning: https://www.grays.com/lot/0001-9058816/motor-vehicles-motor-cycles/2005-mitsubishi-delica-automatic-8-seats-people-mover
2025-04-27 20:35:42,211 [INFO] Still auctioning: https://www.grays.com/lot/0001-50514962/motor-vehicles-motor-cycles/2018-hyundai-i30-active-pd-automatic-hatchback
2025-04-27 20:35:42,211 [INFO] Still auctioning: https://www.grays.com/lot/0001-21047895/motor-vehicles-motor-cycles/2022-mg-hs-vibe-automatic-wagon
2025-04-27 20:35:42,211 [INFO] Still auctioning: https://www.grays.com/lot/0001-21047666/motor-vehicles-motor-cycles/2009-volkswagen-golf-118tsi-comfortline-a6-automatic-hatchback
2025-04-27 20:35:42,211 [INFO] Still auctioning: https://www.grays.com/lot/0001-9059046/motor-vehicles-motor-cycles/2012-holden-captiva-7-sx-2wd-cg-ii-automatic-7-seats-wagon
2025-04-27 20:35:42,212 [INFO] Auction referred (no sale): https://www.grays.com/lot/0001-10910949/motor-vehicles-motor-cycles/2011-land-rover-discovery-4-3-0-sdv6-se-series-4-t-dsl-auto-7-seats-wagon
2025-04-27 20:35:42,220 [INFO] Added new referred vehicle to referred_df.
2025-04-27 20:35:42,222 [INFO] Still auctioning: https://www.grays.com/lot/0001-10348420/motor-vehicles-motor-cycles/2006-vespa-granturismo-200l
2025-04-27 20:35:42,222 [INFO] Still auctioning: https://www.grays.com/lot/0001-10910975/motor-vehicles-motor-cycles/2016-hyundai-tucson-active-x-tl-automatic-wagon
2025-04-27 20:36:00,363 [INFO] Still auctioning: https://www.grays.com/lot/0001-50514950/motor-vehicles-motor-cycles/2012-holden-captiva-5-4x4-cg-ii-turbo-diesel-automatic-wagon
2025-04-27 20:36:00,363 [INFO] Still auctioning: https://www.grays.com/lot/0001-21047599/motor-vehicles-motor-cycles/2013-mazda-6-gt-gj-turbo-diesel-automatic-wagon
2025-04-27 20:36:00,364 [INFO] Still auctioning: https://www.grays.com/lot/0001-50514933/motor-vehicles-motor-cycles/2010-mitsubishi-lancer-sx-sportback-cj-cvt-hatchback-wovr-repairable
2025-04-27 20:36:00,364 [INFO] Still auctioning: https://www.grays.com/lot/0001-21047659/motor-vehicles-motor-cycles/2010-toyota-rav-4-cruiser-4x4-automatic-wagon
2025-04-27 20:36:00,364 [INFO] Still auctioning: https://www.grays.com/lot/0001-50514941/motor-vehicles-motor-cycles/2011-ford-ranger-wildtrak-4x4-pk-t-diesel-auto-dual-cab-wovr-repairable
2025-04-27 20:36:00,364 [INFO] Still auctioning: https://www.grays.com/lot/0001-21047791/motor-vehicles-motor-cycles/2008-land-rover-discovery-3-se-series-iii-automatic-7-seats-wagon
2025-04-27 20:36:00,364 [INFO] Still auctioning: https://www.grays.com/lot/0001-60047687/motor-vehicles-motor-cycles/2014-toyota-hilux-kun26r-manual-extra-cab
2025-04-27 20:36:00,365 [INFO] Auction referred (no sale): https://www.grays.com/lot/0001-10910944/motor-vehicles-motor-cycles/1999-toyota-landcruiser-rv-4x4-fzj105r-automatic-8-seats-wagon
2025-04-27 20:36:00,376 [INFO] Added new referred vehicle to referred_df.
2025-04-27 20:36:17,933 [INFO] Still auctioning: https://www.grays.com/lot/0001-21047763/motor-vehicles-motor-cycles/2008-toyota-estima-import-automatic-7-seats-van
2025-04-27 20:36:17,934 [INFO] Still auctioning: https://www.grays.com/lot/0001-10910970/motor-vehicles-motor-cycles/2015-renault-master-lwb-mid-roof-turbo-diesel-automatic-van
2025-04-27 20:36:17,934 [INFO] Auction referred (no sale): https://www.grays.com/lot/0001-21047704/motor-vehicles-motor-cycles/2016-jeep-renegade-trailhawk-bu-9-wovr-inspected
2025-04-27 20:36:17,942 [INFO] Added new referred vehicle to referred_df.
2025-04-27 20:36:17,943 [INFO] Still auctioning: https://www.grays.com/lot/0001-21047580/motor-vehicles-motor-cycles/2005-toyota-camry-altise-mcv36r-automatic-sedan
2025-04-27 20:36:17,943 [INFO] Still auctioning: https://www.grays.com/lot/0001-21047577/motor-vehicles-motor-cycles/2009-volvo-xc60-t6-3-0-automatic-wagon
2025-04-27 20:36:17,943 [INFO] Still auctioning: https://www.grays.com/lot/0001-21047834/motor-vehicles-motor-cycles/2007-land-rover-discovery-3-se-series-iii-turbo-diesel-auto-7-seats-wagon
2025-04-27 20:36:17,943 [INFO] Auction referred (no sale): https://www.grays.com/lot/0001-10910937/motor-vehicles-motor-cycles/2018-peugeot-3008-gt-line-automatic-hatchback
2025-04-27 20:36:17,958 [INFO] Added new referred vehicle to referred_df.
2025-04-27 20:36:17,959 [INFO] Still auctioning: https://www.grays.com/lot/0001-21047584/motor-vehicles-motor-cycles/2015-jeep-grand-cherokee-laredo-4x4-wk-turbo-diesel-auto-8-speed-wagon
2025-04-27 20:36:33,390 [INFO] Still auctioning: https://www.grays.com/lot/0001-21047831/motor-vehicles-motor-cycles/2010-mazda-cx-9-luxury-automatic-7-seats-wagon
2025-04-27 20:36:33,390 [INFO] Still auctioning: https://www.grays.com/lot/0001-50514987/motor-vehicles-motor-cycles/2020-nissan-navara-auto-ute
2025-04-27 20:36:33,390 [INFO] Still auctioning: https://www.grays.com/lot/0001-10348430/motor-vehicles-motor-cycles/2007-mercedes-benz-gl320cdi-x164-turbo-diesel-automatic-7-seats-wagon
2025-04-27 20:36:33,391 [INFO] Still auctioning: https://www.grays.com/lot/0001-21047585/motor-vehicles-motor-cycles/2014-skoda-fabia-77tsi-monte-carlo-5jf-automatic-hatchback
2025-04-27 20:36:33,391 [INFO] Still auctioning: https://www.grays.com/lot/0001-10348416/motor-vehicles-motor-cycles/2007-mercedes-benz-s350-w221-automatic-sedan
2025-04-27 20:36:33,392 [INFO] Still auctioning: https://www.grays.com/lot/0001-21047888/motor-vehicles-motor-cycles/2014-volkswagen-golf-90tsi-comfortline-a7-automatic-hatchback
2025-04-27 20:36:33,392 [INFO] Still auctioning: https://www.grays.com/lot/0001-9059061/motor-vehicles-motor-cycles/2017-land-rover-range-rover-evoque-td4-se-110kw-turbo-diesel-9-auto-wagon
2025-04-27 20:36:33,393 [INFO] Auction referred (no sale): https://www.grays.com/lot/0001-10910941/motor-vehicles-motor-cycles/2015-hyundai-ix35-active-fwd-lm-automatic-wagon
2025-04-27 20:36:33,412 [INFO] Added new referred vehicle to referred_df.
2025-04-27 20:36:54,435 [INFO] Still auctioning: https://www.grays.com/lot/0001-21047836/motor-vehicles-motor-cycles/2015-mazda-cx-5-maxx-sport-ke-turbo-diesel-automatic-wagon
2025-04-27 20:36:54,435 [INFO] Still auctioning: https://www.grays.com/lot/0001-50514930/motor-vehicles-motor-cycles/2003-land-rover-discovery-turbo-diesel-automatic-wagon
2025-04-27 20:36:54,435 [INFO] Still auctioning: https://www.grays.com/lot/0001-21047772/motor-vehicles-motor-cycles/2010-bmw-x1-xdrive-23d-e84-turbo-diesel-automatic-wagon
2025-04-27 20:36:54,436 [INFO] Still auctioning: https://www.grays.com/lot/0001-9059055/motor-vehicles-motor-cycles/2016-bmw-3-series-320d-f30-lci-turbo-diesel-automatic-8-speed-sedan
2025-04-27 20:36:54,436 [INFO] Still auctioning: https://www.grays.com/lot/0001-21047576/motor-vehicles-motor-cycles/2009-bmw-1-20i-e88-automatic-convertible-complied-2010
2025-04-27 20:36:54,436 [INFO] Still auctioning: https://www.grays.com/lot/0001-9059062/motor-vehicles-motor-cycles/2014-ford-kuga-ambiente-fwd-tf-ii-manual-wagon
2025-04-27 20:36:54,436 [INFO] Still auctioning: https://www.grays.com/lot/0001-50514969/motor-vehicles-motor-cycles/2014-holden-barina-tm-manual-hatchback
2025-04-27 20:36:54,437 [INFO] Still auctioning: https://www.grays.com/lot/0001-21047807/motor-vehicles-motor-cycles/2014-volkswagen-amarok-tdi420-highline-2h-t-d-4x4-auto-8-speed-dual-cab
2025-04-27 20:37:12,387 [INFO] Still auctioning: https://www.grays.com/lot/0001-60047725/motor-vehicles-motor-cycles/2016-holden-astra-rs-v-bk-manual-hatchback
2025-04-27 20:37:12,387 [INFO] Still auctioning: https://www.grays.com/lot/0001-21047749/motor-vehicles-motor-cycles/2011-mazda-cx-7-luxury-sports-4x4-automatic-wagon
2025-04-27 20:37:12,388 [INFO] Still auctioning: https://www.grays.com/lot/0001-9058998/motor-vehicles-motor-cycles/2003-volkswagen-golf-2-0-generation-a4-automatic-hatchback
2025-04-27 20:37:12,388 [INFO] Still auctioning: https://www.grays.com/lot/0001-50514938/motor-vehicles-motor-cycles/2008-mercedes-benz-c200-kompressor-classic-w204-automatic-sedan
2025-04-27 20:37:12,388 [INFO] Still auctioning: https://www.grays.com/lot/0001-21047816/motor-vehicles-motor-cycles/volkswagen-tiguan-125-tsi-5n-automatic-wagon
2025-04-27 20:37:12,388 [INFO] Auction referred (no sale): https://www.grays.com/lot/0001-10910933/motor-vehicles-motor-cycles/2014-isuzu-d-max-4x2-sx-hi-ride-turbo-diesel-automatic-cab-chassis
2025-04-27 20:37:12,395 [INFO] Added new referred vehicle to referred_df.
2025-04-27 20:37:12,396 [INFO] Auction referred (no sale): https://www.grays.com/lot/0001-10910924/motor-vehicles-motor-cycles/2015-ford-ecosport-trend-bk-manual-wagon
2025-04-27 20:37:12,404 [INFO] Added new referred vehicle to referred_df.
2025-04-27 20:37:12,405 [INFO] Auction sold: https://www.grays.com/lot/0001-21047612/motor-vehicles-motor-cycles/2008-subaru-forester-xs-s3-automatic-wagon for $2709.0
2025-04-27 20:37:12,412 [INFO] Added new sold vehicle to sold_cars_df.
2025-04-27 20:37:27,744 [INFO] Auction sold: https://www.grays.com/lot/0001-21047733/motor-vehicles-motor-cycles/2008-toyota-rav-4-cv-4x4-manual-wagon for $2600.0
2025-04-27 20:37:27,751 [INFO] Added new sold vehicle to sold_cars_df.
2025-04-27 20:37:27,752 [INFO] Auction referred (no sale): https://www.grays.com/lot/0001-10910922/motor-vehicles-motor-cycles/2018-volkswagen-tiguan-allspace-132tsi-comfortline-automatic-7-seats-wagon
2025-04-27 20:37:27,758 [INFO] Added new referred vehicle to referred_df.
2025-04-27 20:37:27,759 [INFO] Still auctioning: https://www.grays.com/lot/0001-50514964/motor-vehicles-motor-cycles/2016-renault-master-l3h2-bus-turbo-diesel-automatic-12-seats-bus
2025-04-27 20:37:27,759 [INFO] Still auctioning: https://www.grays.com/lot/0001-21047797/motor-vehicles-motor-cycles/2012-kia-sorento-si-4x2-xm-automatic-7-seats-wagon
2025-04-27 20:37:27,760 [INFO] Still auctioning: https://www.grays.com/lot/0001-21047887/motor-vehicles-motor-cycles/2014-ford-ranger-xl-4x2-hi-rider-px-turbo-diesel-automatic-dual-cab
2025-04-27 20:37:27,760 [INFO] Still auctioning: https://www.grays.com/lot/0001-21047882/motor-vehicles-motor-cycles/2015-volkswagen-golf-90tsi-a7-automatic-wagon
2025-04-27 20:37:27,760 [INFO] Still auctioning: https://www.grays.com/lot/0001-50514972/motor-vehicles-motor-cycles/2018-mazda-2-neo-dl-automatic-sedan
2025-04-27 20:37:27,760 [INFO] Auction referred (no sale): https://www.grays.com/lot/0001-10910936/motor-vehicles-motor-cycles/2018-ldv-t60-pro-turbo-diesel-manual-dual-cab
2025-04-27 20:37:27,767 [INFO] Added new referred vehicle to referred_df.
2025-04-27 20:37:53,336 [INFO] Still auctioning: https://www.grays.com/lot/0001-50514936/motor-vehicles-motor-cycles/2008-ford-falcon-r6-lpg-fg-automatic-cab-chassis
2025-04-27 20:37:53,336 [INFO] Still auctioning: https://www.grays.com/lot/0001-9058981/motor-vehicles-motor-cycles/2010-ford-fiesta-zetec-ws-manual-hatchback
2025-04-27 20:37:53,336 [INFO] Auction sold: https://www.grays.com/lot/0001-21047734/motor-vehicles-motor-cycles/2010-mitsubishi-triton-4x4-glx-r-mn-turbo-diesel-manual-dual-cab for $2500.0
2025-04-27 20:37:53,347 [INFO] Added new sold vehicle to sold_cars_df.
2025-04-27 20:37:53,348 [INFO] Auction referred (no sale): https://www.grays.com/lot/0001-10910961/motor-vehicles-motor-cycles/2013-ford-kuga-awd-trend-tf-turbo-diesel-automatic-wagon
2025-04-27 20:37:53,359 [INFO] Added new referred vehicle to referred_df.
2025-04-27 20:37:53,360 [INFO] Still auctioning: https://www.grays.com/lot/0001-21047851/motor-vehicles-motor-cycles/holden-cruze-cdx-jg-automatic-sedan
2025-04-27 20:37:53,361 [INFO] Still auctioning: https://www.grays.com/lot/0001-50514975/motor-vehicles-motor-cycles/2012-nissan-micra-st-k13-manual-hatchback
2025-04-27 20:37:53,361 [INFO] Still auctioning: https://www.grays.com/lot/0001-21047588/motor-vehicles-motor-cycles/2006-mercedes-benz-e350-elegance-w211-automatic-sedan
2025-04-27 20:37:53,361 [INFO] Still auctioning: https://www.grays.com/lot/0001-21047866/motor-vehicles-motor-cycles/2009-jeep-patriot-sport-mk-cvt-wagon
2025-04-27 20:38:09,177 [INFO] Still auctioning: https://www.grays.com/lot/0001-9059085/motor-vehicles-motor-cycles/2007-holden-captiva-maxx-4x4-cg-automatic-wagon
2025-04-27 20:38:09,179 [INFO] Auction referred (no sale): https://www.grays.com/lot/0001-10910952/motor-vehicles-motor-cycles/2015-nissan-x-trail-st-awd-t32-cvt-wagon
2025-04-27 20:38:09,191 [INFO] Added new referred vehicle to referred_df.
2025-04-27 20:38:09,193 [INFO] Still auctioning: https://www.grays.com/lot/0001-9059088/motor-vehicles-motor-cycles/2014-land-rover-range-rover-sport-3-0-sdv6-t-d-auto-wagon-wovr-inspected
2025-04-27 20:38:09,194 [INFO] Still auctioning: https://www.grays.com/lot/0001-21047739/motor-vehicles-motor-cycles/2012-bmw-1-16i-f20-automatic-8-speed-hatchback
2025-04-27 20:38:09,195 [INFO] Still auctioning: https://www.grays.com/lot/0001-21047750/motor-vehicles-motor-cycles/2015-ford-territory-titanium-rwd-sz-ii-turbo-diesel-auto-7-seats-wagon
2025-04-27 20:38:09,195 [INFO] Still auctioning: https://www.grays.com/lot/0001-21047886/motor-vehicles-motor-cycles/2014-hyundai-i30-active-gd-automatic-hatchback
2025-04-27 20:38:09,196 [INFO] Still auctioning: https://www.grays.com/lot/0001-9059034/motor-vehicles-motor-cycles/2004-toyota-landcruiser-4x4-hzj105r-manual-wagon
2025-04-27 20:38:09,197 [INFO] Still auctioning: https://www.grays.com/lot/0001-21047725/motor-vehicles-motor-cycles/2014-mitsubishi-lancer-ralliart-cj-automatic-sedan
2025-04-27 20:38:31,021 [INFO] Auction sold: https://www.grays.com/lot/0001-10910951/motor-vehicles-motor-cycles/2010-bmw-x5-e70-xdrive-40d-auto-wagon for $7409.0
2025-04-27 20:38:31,029 [INFO] Added new sold vehicle to sold_cars_df.
2025-04-27 20:38:31,031 [INFO] Still auctioning: https://www.grays.com/lot/0001-10348401/motor-vehicles-motor-cycles/2013-jeep-wrangler-unlimited-overland-jk-automatic-wagon-88-027kms
2025-04-27 20:38:31,031 [INFO] Still auctioning: https://www.grays.com/lot/0001-50514960/motor-vehicles-motor-cycles/2009-volkswagen-golf-90tsi-trendline-a6-automatic-hatchback
2025-04-27 20:38:31,031 [INFO] Still auctioning: https://www.grays.com/lot/0001-21047840/motor-vehicles-motor-cycles/2011-hyundai-i45-active-yf-automatic-sedan
2025-04-27 20:38:31,032 [INFO] Still auctioning: https://www.grays.com/lot/0001-50711749/motor-vehicles-motor-cycles/2009-toyota-landcruiser-prado-kakadu-4x4-kdj150r-t-d-auto-7-seats-wagon
2025-04-27 20:38:31,032 [INFO] Still auctioning: https://www.grays.com/lot/0001-10910971/motor-vehicles-motor-cycles/2008-holden-commodore-omega-ve-automatic-sedan
2025-04-27 20:38:31,033 [INFO] Still auctioning: https://www.grays.com/lot/0001-50711760/motor-vehicles-motor-cycles/2010-isuzu-d-max-4x4-ls-m-turbo-diesel-automatic-dual-cab
2025-04-27 20:38:31,033 [INFO] Still auctioning: https://www.grays.com/lot/0001-21047498/motor-vehicles-motor-cycles/2011-toyota-camry-atara-s-asv50r-automatic-sedan
2025-04-27 20:38:57,363 [INFO] Still auctioning: https://www.grays.com/lot/0001-21047541/motor-vehicles-motor-cycles/honda-accord-euro-luxury-8th-gen-automatic-sedan
2025-04-27 20:38:57,364 [INFO] Still auctioning: https://www.grays.com/lot/0001-60047716/motor-vehicles-motor-cycles/2015-mazda-cx-3-s-touring-dk-turbo-diesel-automatic-wagon
2025-04-27 20:38:57,364 [INFO] Still auctioning: https://www.grays.com/lot/0001-50514952/motor-vehicles-motor-cycles/2009-volkswagen-golf-103-tdi-comfortline-a6-turbo-diesel-manual-hatchback
2025-04-27 20:38:57,365 [INFO] Still auctioning: https://www.grays.com/lot/0001-21047813/motor-vehicles-motor-cycles/2015-holden-trax-ltz-tj-automatic-wagon
2025-04-27 20:38:57,365 [INFO] Still auctioning: https://www.grays.com/lot/0001-9059026/motor-vehicles-motor-cycles/2013-dodge-journey-r-t-automatic-7-seats-people-mover
2025-04-27 20:38:57,366 [INFO] Still auctioning: https://www.grays.com/lot/0001-21047747/motor-vehicles-motor-cycles/2009-volkswagen-tiguan-147-tsi-5n-automatic-wagon
2025-04-27 20:38:57,366 [INFO] Still auctioning: https://www.grays.com/lot/0001-50514955/motor-vehicles-motor-cycles/2016-mercedes-benz-c43-amg-w205-9-auto-sedan
2025-04-27 20:38:57,366 [INFO] Still auctioning: https://www.grays.com/lot/0001-21047782/motor-vehicles-motor-cycles/2013-hyundai-elantra-active-md-automatic-sedan
2025-04-27 20:39:15,490 [INFO] Still auctioning: https://www.grays.com/lot/0001-21047875/motor-vehicles-motor-cycles/2006-volkswagen-passat-2-0t-fsi-3c-automatic-wagon
2025-04-27 20:39:15,492 [INFO] Auction referred (no sale): https://www.grays.com/lot/0001-10910945/motor-vehicles-motor-cycles/2008-toyota-yaris-yrs-ncp93r-manual-sedan
2025-04-27 20:39:15,532 [INFO] Added new referred vehicle to referred_df.
2025-04-27 20:39:15,536 [INFO] Still auctioning: https://www.grays.com/lot/0001-50711754/motor-vehicles-motor-cycles/2020-subaru-outback-2-5i-premium-b6a-cvt-wagon
2025-04-27 20:39:15,537 [INFO] Still auctioning: https://www.grays.com/lot/0001-9059060/motor-vehicles-motor-cycles/2020-toyota-hilux-sr-4x4-gun126r-turbo-diesel-automatic-crew-cab-chassis
2025-04-27 20:39:15,537 [INFO] Still auctioning: https://www.grays.com/lot/0001-10910969/motor-vehicles-motor-cycles/2014-jeep-cherokee-limited-4x4-kl-9-auto-wagon
2025-04-27 20:39:15,538 [INFO] Still auctioning: https://www.grays.com/lot/0001-21047817/motor-vehicles-motor-cycles/2013-holden-caprice-wm-ii-automatic-sedan
2025-04-27 20:39:15,539 [INFO] Still auctioning: https://www.grays.com/lot/0001-21047641/motor-vehicles-motor-cycles/2018-holden-colorado-4x4-lx-rg-turbo-diesel-automatic-cab-chassis
2025-04-27 20:39:15,539 [INFO] Still auctioning: https://www.grays.com/lot/0001-9058986/motor-vehicles-motor-cycles/2013-fiat-punto-easy-manual-hatchback
2025-04-27 20:39:33,247 [INFO] Still auctioning: https://www.grays.com/lot/0001-10348380/motor-vehicles-motor-cycles/2008-bmw-5-20d-e60-turbo-diesel-automatic-sedan
2025-04-27 20:39:33,247 [INFO] Still auctioning: https://www.grays.com/lot/0001-21047800/motor-vehicles-motor-cycles/2012-toyota-camry-altise-asv50r-automatic-sedan
2025-04-27 20:39:33,248 [INFO] Still auctioning: https://www.grays.com/lot/0001-10348353/motor-vehicles-motor-cycles/2014-kia-grand-carnival-si-vq-automatic-8-seats-people-mover
2025-04-27 20:39:33,248 [INFO] Still auctioning: https://www.grays.com/lot/0001-21047794/motor-vehicles-motor-cycles/2009-audi-q5-2-0-tfsi-quattro-8r-automatic-wagon
2025-04-27 20:39:33,249 [INFO] Still auctioning: https://www.grays.com/lot/0001-21047798/motor-vehicles-motor-cycles/2017-volkswagen-tiguan-110tsi-trendline-mk2-automatic-wagon
2025-04-27 20:39:33,249 [INFO] Auction sold: https://www.grays.com/lot/0001-21047265/motor-vehicles-motor-cycles/2014-bmw-x5-xdrive-30d-f15-turbo-diesel-automatic-8-speed-wagon for $15300.0
2025-04-27 20:39:33,262 [INFO] Added new sold vehicle to sold_cars_df.
2025-04-27 20:39:33,263 [INFO] Still auctioning: https://www.grays.com/lot/0001-50711732/motor-vehicles-motor-cycles/2001-mitsubishi-triton-rwd-manual-5-speed-ute
2025-04-27 20:39:33,263 [INFO] Still auctioning: https://www.grays.com/lot/0001-21047879/motor-vehicles-motor-cycles/2008-nissan-maxima-st-l-j31-automatic-sedan
2025-04-27 20:39:53,018 [INFO] Still auctioning: https://www.grays.com/lot/0001-9059059/motor-vehicles-motor-cycles/2009-ford-falcon-g6-fg-automatic-sedan
2025-04-27 20:39:53,019 [INFO] Still auctioning: https://www.grays.com/lot/0001-50514966/motor-vehicles-motor-cycles/2009-ford-ranger-xlt-4x4-pk-turbo-diesel-manual-dual-cab
2025-04-27 20:39:53,019 [INFO] Still auctioning: https://www.grays.com/lot/0001-10348428/motor-vehicles-motor-cycles/2014-comp-honda-cr-v-4wd-dti-s-rm-t-diesel-manual-wagon
2025-04-27 20:39:53,021 [INFO] Still auctioning: https://www.grays.com/lot/0001-9059001/motor-vehicles-motor-cycles/2013-holden-captiva-7-sx-2wd-cg-ii-turbo-diesel-automatic-7-seats-wagon
2025-04-27 20:39:53,021 [INFO] Still auctioning: https://www.grays.com/lot/0001-21047664/motor-vehicles-motor-cycles/2014-hyundai-ix35-highlander-awd-lm-automatic-wagon
2025-04-27 20:39:53,022 [INFO] Still auctioning: https://www.grays.com/lot/0001-9059066/motor-vehicles-motor-cycles/2010-volkswagen-passat-cc-v6-fsi-3cc-automatic-coupe
2025-04-27 20:39:53,023 [INFO] Still auctioning: https://www.grays.com/lot/0001-21047575/motor-vehicles-motor-cycles/2009-audi-q7-s-line-4-2-v8-tdi-quattro-turbo-diesel-automatic-7-seats-wagon
2025-04-27 20:39:53,023 [INFO] Still auctioning: https://www.grays.com/lot/0001-21047880/motor-vehicles-motor-cycles/2013-nissan-pathfinder-st-l-r52-cvt-7-seats-wagon
2025-04-27 20:40:07,640 [INFO] Still auctioning: https://www.grays.com/lot/0001-21047780/motor-vehicles-motor-cycles/2013-nissan-pulsar-st-c12-cvt-hatchback
2025-04-27 20:40:07,641 [INFO] Still auctioning: https://www.grays.com/lot/0001-21047786/motor-vehicles-motor-cycles/2007-toyota-hiace-lwb-trh201r-manual-van
2025-04-27 20:40:07,641 [INFO] Still auctioning: https://www.grays.com/lot/0001-10348396/motor-vehicles-motor-cycles/2013-bmw-3-series-316i-f30-automatic-8-speed-sedan-96-326kms
2025-04-27 20:40:07,642 [INFO] Auction referred (no sale): https://www.grays.com/lot/0001-10910918/motor-vehicles-motor-cycles/2009-ford-ranger-tray-back-tipper-xl-4x2-pk-t-diesel-manual-cab-chassis
2025-04-27 20:40:07,657 [INFO] Added new referred vehicle to referred_df.
2025-04-27 20:40:07,659 [INFO] Still auctioning: https://www.grays.com/lot/0001-21047790/motor-vehicles-motor-cycles/porsche-cayenne-automatic-wagon
2025-04-27 20:40:07,660 [INFO] Still auctioning: https://www.grays.com/lot/0001-21047865/motor-vehicles-motor-cycles/1999-mitsubishi-lancer-gli-ce-automatic-coupe
2025-04-27 20:40:07,660 [INFO] Still auctioning: https://www.grays.com/lot/0001-21047795/motor-vehicles-motor-cycles/2009-mercedes-benz-e250-cdi-avantgarde-w212-turbo-diesel-automatic-sedan
2025-04-27 20:40:07,661 [INFO] Still auctioning: https://www.grays.com/lot/0001-21047849/motor-vehicles-motor-cycles/2012-honda-civic-hybrid-9th-gen-cvt-sedan-wovr-inspected
2025-04-27 20:40:27,739 [INFO] Still auctioning: https://www.grays.com/lot/0001-21047742/motor-vehicles-motor-cycles/2013-mazda-cx-5-maxx-sport-ke-turbo-diesel-automatic-wagon
2025-04-27 20:40:27,740 [INFO] Still auctioning: https://www.grays.com/lot/0001-50711747/motor-vehicles-motor-cycles/2012-land-rover-range-rover-sport-3-0-sdv6-turbo-diesel-automatic-wagon
2025-04-27 20:40:27,740 [INFO] Still auctioning: https://www.grays.com/lot/0001-9059012/motor-vehicles-motor-cycles/2016-holden-trax-ltz-tj-automatic-wagon
2025-04-27 20:40:27,740 [INFO] Still auctioning: https://www.grays.com/lot/0001-10348412/motor-vehicles-motor-cycles/2022-kia-niro-hybrid-gt-line-sg2-automatic-wagon
2025-04-27 20:40:27,741 [INFO] Still auctioning: https://www.grays.com/lot/0001-50711762/motor-vehicles-motor-cycles/1998-toyota-estima-import-automatic-van
2025-04-27 20:40:27,741 [INFO] Still auctioning: https://www.grays.com/lot/0001-21047756/motor-vehicles-motor-cycles/2013-ford-kuga-awd-ambiente-tf-automatic-wagon
2025-04-27 20:40:27,742 [INFO] Auction sold: https://www.grays.com/lot/0001-10910956/motor-vehicles-motor-cycles/2010-volkswagen-multivan-comfortline-103kw-t5-t-dl-auto-7-seat-people-mover for $4940.0
2025-04-27 20:40:27,764 [INFO] Added new sold vehicle to sold_cars_df.
2025-04-27 20:40:27,766 [INFO] Auction referred (no sale): https://www.grays.com/lot/0001-10910946/motor-vehicles-motor-cycles/2006-mini-cooper-s-manual-convertible
2025-04-27 20:40:27,786 [INFO] Added new referred vehicle to referred_df.
2025-04-27 20:40:42,589 [INFO] Still auctioning: https://www.grays.com/lot/0001-21047668/motor-vehicles-motor-cycles/2006-volvo-s40-t5-awd-automatic-sedan
2025-04-27 20:40:42,590 [INFO] Still auctioning: https://www.grays.com/lot/0001-21047673/motor-vehicles-motor-cycles/2017-mercedes-benz-gle-class-gle250d-4matic-w166-wagon-rwc-issued-3-4-25
2025-04-27 20:40:42,590 [INFO] Still auctioning: https://www.grays.com/lot/0001-9059033/motor-vehicles-motor-cycles/2007-toyota-corolla-ascent-zre152r-automatic-sedan
2025-04-27 20:40:42,591 [INFO] Auction sold: https://www.grays.com/lot/0001-21047731/motor-vehicles-motor-cycles/2016-nissan-pathfinder-st-r52-cvt-7-seats-wagon for $4700.0
2025-04-27 20:40:42,608 [INFO] Added new sold vehicle to sold_cars_df.
2025-04-27 20:40:42,610 [INFO] Still auctioning: https://www.grays.com/lot/0001-50514876/motor-vehicles-motor-cycles/2021-renault-kangoo-z-e-direct-drive-van
2025-04-27 20:40:42,610 [INFO] Still auctioning: https://www.grays.com/lot/0001-10910976/motor-vehicles-motor-cycles/2016-hyundai-elantra-active-ad-automatic-sedan
2025-04-27 20:40:42,611 [INFO] Still auctioning: https://www.grays.com/lot/0001-50514946/motor-vehicles-motor-cycles/2007-kia-grand-carnival-ex-vq-automatic-8-seats-people-mover
2025-04-27 20:40:42,611 [INFO] Still auctioning: https://www.grays.com/lot/0001-21047741/motor-vehicles-motor-cycles/2012-bmw-1-16i-f20-automatic-8-speed-hatchback
2025-04-27 20:40:56,491 [INFO] Still auctioning: https://www.grays.com/lot/0001-21047758/motor-vehicles-motor-cycles/2014-mercedes-benz-cla-class-cla250-sport-awd-c117-automatic-coupe
2025-04-27 20:40:56,492 [INFO] Still auctioning: https://www.grays.com/lot/0001-21047579/motor-vehicles-motor-cycles/2011-audi-a4-1-8-tfsi-b8-manual-sedan
2025-04-27 20:40:56,493 [INFO] Still auctioning: https://www.grays.com/lot/0001-21047792/motor-vehicles-motor-cycles/ford-transit-low-swb-vg-manual-van
2025-04-27 20:40:56,493 [INFO] Auction referred (no sale): https://www.grays.com/lot/0001-50711737/motor-vehicles-motor-cycles/2013-toyota-hiace-import-automatic-8-seats-van
2025-04-27 20:40:56,506 [INFO] Added new referred vehicle to referred_df.
2025-04-27 20:40:56,509 [INFO] Auction sold: https://www.grays.com/lot/0001-21047715/motor-vehicles-motor-cycles/2004-honda-cr-v-rd-automatic-wagon for $1909.0
2025-04-27 20:40:56,530 [INFO] Added new sold vehicle to sold_cars_df.
2025-04-27 20:40:56,533 [INFO] Still auctioning: https://www.grays.com/lot/0001-9058978/motor-vehicles-motor-cycles/2012-toyota-landcruiser-gx-4x4-vdj200r-turbo-diesel-automatic-wagon
2025-04-27 20:40:56,534 [INFO] Still auctioning: https://www.grays.com/lot/0001-21047867/motor-vehicles-motor-cycles/2013-mazda-6-sport-gj-automatic-wagon
2025-04-27 20:40:56,534 [INFO] Still auctioning: https://www.grays.com/lot/0001-50514984/motor-vehicles-motor-cycles/2017-jeep-grand-cherokee-limited-4x4-wk-turbo-diesel-auto-wagon
2025-04-27 20:41:14,344 [INFO] Still auctioning: https://www.grays.com/lot/0001-10910980/motor-vehicles-motor-cycles/2013-skoda-octavia-103tsi-ambition-ne-automatic-wagon
2025-04-27 20:41:14,345 [INFO] Still auctioning: https://www.grays.com/lot/0001-50514976/motor-vehicles-motor-cycles/2011-mazda-2-neo-de-manual-hatchback
2025-04-27 20:41:14,346 [INFO] Still auctioning: https://www.grays.com/lot/0001-10910974/motor-vehicles-motor-cycles/2013-ford-kuga-awd-trend-tf-turbo-diesel-automatic-wagon
2025-04-27 20:41:14,347 [INFO] Still auctioning: https://www.grays.com/lot/0001-21047573/motor-vehicles-motor-cycles/2007-volkswagen-golf-gti-1k-automatic-hatchback
2025-04-27 20:41:14,348 [INFO] Still auctioning: https://www.grays.com/lot/0001-21047725/motor-vehicles-motor-cycles/2014-mitsubishi-lancer-ralliart-cj-manual-sedan
2025-04-27 20:41:14,349 [INFO] Still auctioning: https://www.grays.com/lot/0001-21047876/motor-vehicles-motor-cycles/2012-audi-a5-2-0-tdi-8t-turbo-diesel-cvt-hatchback
2025-04-27 20:41:14,350 [INFO] Still auctioning: https://www.grays.com/lot/0001-10348413/motor-vehicles-motor-cycles/2017-mitsubishi-triton-glx-4x4-mq-turbo-diesel-automatic-cab-chassis
2025-04-27 20:41:14,350 [INFO] Still auctioning: https://www.grays.com/lot/0001-21047587/motor-vehicles-motor-cycles/2012-holden-cruze-cdx-jh-automatic-sedan
2025-04-27 20:41:27,805 [INFO] Still auctioning: https://www.grays.com/lot/0001-21047829/motor-vehicles-motor-cycles/2007-toyota-corolla-ascent-zre152r-automatic-hatchback
2025-04-27 20:41:27,805 [INFO] Still auctioning: https://www.grays.com/lot/0001-9059056/motor-vehicles-motor-cycles/2013-holden-captiva-7-sx-2wd-cg-ii-automatic-7-seats-wagon
2025-04-27 20:41:27,805 [INFO] Still auctioning: https://www.grays.com/lot/0001-9058982/motor-vehicles-motor-cycles/2015-jeep-grand-cherokee-laredo-4x4-wk-automatic-8-speed-wagon
2025-04-27 20:41:27,806 [INFO] Still auctioning: https://www.grays.com/lot/0001-50514981/motor-vehicles-motor-cycles/2016-holden-cruze-sri-z-series-jh-automatic-sedan
2025-04-27 20:41:27,806 [INFO] Still auctioning: https://www.grays.com/lot/0001-50711765/motor-vehicles-motor-cycles/2013-nissan-pulsar-st-c12-cvt-hatchback-rwc-issued-31-3-25
